2024-01-30 11:48:22.963 [info] Log level: Info
2024-01-30 11:48:22.963 [info] Validating found git in: "git"
2024-01-30 11:48:22.963 [info] Using git "2.34.1" from "git"
2024-01-30 11:49:00.477 [info] Log level: Info
2024-01-30 11:49:00.477 [info] Validating found git in: "git"
2024-01-30 11:49:00.477 [info] Using git "2.34.1" from "git"
2024-01-30 11:49:00.477 [info] > git rev-parse --show-toplevel [5ms]
2024-01-30 11:49:00.488 [info] > git rev-parse --git-dir --git-common-dir [3ms]
2024-01-30 11:49:00.501 [info] Open repository: /root/example2
2024-01-30 11:49:00.525 [info] > git config --get commit.template [14ms]
2024-01-30 11:49:00.528 [info] > git rev-parse --show-toplevel [7ms]
2024-01-30 11:49:00.541 [info] > git for-each-ref --format=%(refname)%00%(upstream:short)%00%(objectname)%00%(upstream:track)%00%(upstream:remotename)%00%(upstream:remoteref) refs/heads/main refs/remotes/main [5ms]
2024-01-30 11:49:00.544 [info] > git rev-parse --show-toplevel [5ms]
2024-01-30 11:49:00.566 [info] > git rev-parse --show-toplevel [16ms]
2024-01-30 11:49:00.578 [info] > git status -z -uall [13ms]
2024-01-30 11:49:00.579 [info] > git rev-parse --show-toplevel [9ms]
2024-01-30 11:49:00.608 [info] > git config --get commit.template [14ms]
2024-01-30 11:49:00.608 [info] > git rev-parse --show-toplevel [18ms]
2024-01-30 11:49:00.656 [info] > git rev-parse --show-toplevel [40ms]
2024-01-30 11:49:00.669 [info] > git rev-parse --show-toplevel [8ms]
2024-01-30 11:49:00.669 [info] > git for-each-ref --format=%(refname)%00%(upstream:short)%00%(objectname)%00%(upstream:track)%00%(upstream:remotename)%00%(upstream:remoteref) refs/heads/main refs/remotes/main [14ms]
2024-01-30 11:49:00.675 [info] > git rev-parse --show-toplevel [2ms]
2024-01-30 11:49:00.684 [info] > git rev-parse --show-toplevel [5ms]
2024-01-30 11:49:00.689 [info] > git status -z -uall [6ms]
2024-01-30 11:49:00.692 [info] > git rev-parse --show-toplevel [4ms]
2024-01-30 11:49:00.699 [info] > git rev-parse --show-toplevel [2ms]
2024-01-30 11:49:00.703 [info] > git rev-parse --show-toplevel [1ms]
2024-01-30 11:49:00.708 [info] > git rev-parse --show-toplevel [1ms]
2024-01-30 11:49:01.038 [info] > git check-ignore -v -z --stdin [3ms]
2024-01-30 11:49:02.321 [info] > git check-ignore -v -z --stdin [1ms]
2024-01-30 11:49:02.718 [info] > git config --get commit.template [5ms]
2024-01-30 11:49:02.726 [info] > git for-each-ref --format=%(refname)%00%(upstream:short)%00%(objectname)%00%(upstream:track)%00%(upstream:remotename)%00%(upstream:remoteref) refs/heads/main refs/remotes/main [3ms]
2024-01-30 11:49:02.747 [info] > git status -z -uall [17ms]
2024-01-30 11:49:05.039 [info] > git check-ignore -v -z --stdin [1ms]
2024-01-30 11:49:07.760 [info] > git config --get commit.template [3ms]
2024-01-30 11:49:07.762 [info] > git for-each-ref --format=%(refname)%00%(upstream:short)%00%(objectname)%00%(upstream:track)%00%(upstream:remotename)%00%(upstream:remoteref) refs/heads/main refs/remotes/main [2ms]
2024-01-30 11:49:07.769 [info] > git status -z -uall [4ms]
2024-01-30 11:49:28.755 [info] > git config --get commit.template [8ms]
2024-01-30 11:49:28.756 [info] > git for-each-ref --format=%(refname)%00%(upstream:short)%00%(objectname)%00%(upstream:track)%00%(upstream:remotename)%00%(upstream:remoteref) refs/heads/main refs/remotes/main [2ms]
2024-01-30 11:49:28.769 [info] > git status -z -uall [6ms]
2024-01-30 11:49:33.782 [info] > git config --get commit.template [3ms]
2024-01-30 11:49:33.783 [info] > git for-each-ref --format=%(refname)%00%(upstream:short)%00%(objectname)%00%(upstream:track)%00%(upstream:remotename)%00%(upstream:remoteref) refs/heads/main refs/remotes/main [2ms]
2024-01-30 11:49:33.790 [info] > git status -z -uall [4ms]
2024-01-30 11:49:36.796 [info] > git show --textconv :bin/docker-entrypoint [4ms]
2024-01-30 11:49:36.797 [info] > git ls-files --stage -- /root/example2/bin/docker-entrypoint [2ms]
2024-01-30 11:49:37.044 [info] > git check-ignore -v -z --stdin [2ms]
2024-01-30 11:49:38.807 [info] > git config --get commit.template [7ms]
2024-01-30 11:49:38.809 [info] > git for-each-ref --format=%(refname)%00%(upstream:short)%00%(objectname)%00%(upstream:track)%00%(upstream:remotename)%00%(upstream:remoteref) refs/heads/main refs/remotes/main [3ms]
2024-01-30 11:49:38.821 [info] > git status -z -uall [5ms]
2024-01-30 11:49:43.888 [info] > git config --get commit.template [7ms]
2024-01-30 11:49:43.889 [info] > git for-each-ref --format=%(refname)%00%(upstream:short)%00%(objectname)%00%(upstream:track)%00%(upstream:remotename)%00%(upstream:remoteref) refs/heads/main refs/remotes/main [2ms]
2024-01-30 11:49:43.898 [info] > git status -z -uall [5ms]
2024-01-30 11:49:48.910 [info] > git config --get commit.template [3ms]
2024-01-30 11:49:48.912 [info] > git for-each-ref --format=%(refname)%00%(upstream:short)%00%(objectname)%00%(upstream:track)%00%(upstream:remotename)%00%(upstream:remoteref) refs/heads/main refs/remotes/main [2ms]
2024-01-30 11:49:48.918 [info] > git status -z -uall [3ms]
2024-01-30 11:49:53.931 [info] > git config --get commit.template [3ms]
2024-01-30 11:49:53.932 [info] > git for-each-ref --format=%(refname)%00%(upstream:short)%00%(objectname)%00%(upstream:track)%00%(upstream:remotename)%00%(upstream:remoteref) refs/heads/main refs/remotes/main [1ms]
2024-01-30 11:49:53.938 [info] > git status -z -uall [3ms]
2024-01-30 11:50:00.006 [info] > git config --get commit.template [4ms]
2024-01-30 11:50:00.007 [info] > git for-each-ref --format=%(refname)%00%(upstream:short)%00%(objectname)%00%(upstream:track)%00%(upstream:remotename)%00%(upstream:remoteref) refs/heads/main refs/remotes/main [2ms]
2024-01-30 11:50:00.016 [info] > git status -z -uall [5ms]
2024-01-30 11:50:00.570 [info] > git show --textconv :Dockerfile [7ms]
2024-01-30 11:50:00.572 [info] > git ls-files --stage -- /root/example2/Dockerfile [3ms]
2024-01-30 11:50:00.579 [info] > git cat-file -s f3d14144ccb2a4bce61ed84325ee97b72f106507 [3ms]
2024-01-30 11:50:05.027 [info] > git config --get commit.template [3ms]
2024-01-30 11:50:05.028 [info] > git for-each-ref --format=%(refname)%00%(upstream:short)%00%(objectname)%00%(upstream:track)%00%(upstream:remotename)%00%(upstream:remoteref) refs/heads/main refs/remotes/main [2ms]
2024-01-30 11:50:05.035 [info] > git status -z -uall [4ms]
2024-01-30 11:50:29.241 [info] > git config --get commit.template [7ms]
2024-01-30 11:50:29.242 [info] > git for-each-ref --format=%(refname)%00%(upstream:short)%00%(objectname)%00%(upstream:track)%00%(upstream:remotename)%00%(upstream:remoteref) refs/heads/main refs/remotes/main [3ms]
2024-01-30 11:50:29.254 [info] > git status -z -uall [5ms]
2024-01-30 11:50:34.269 [info] > git config --get commit.template [5ms]
2024-01-30 11:50:34.269 [info] > git for-each-ref --format=%(refname)%00%(upstream:short)%00%(objectname)%00%(upstream:track)%00%(upstream:remotename)%00%(upstream:remoteref) refs/heads/main refs/remotes/main [2ms]
2024-01-30 11:50:34.276 [info] > git status -z -uall [3ms]
2024-01-30 11:50:39.291 [info] > git config --get commit.template [5ms]
2024-01-30 11:50:39.291 [info] > git for-each-ref --format=%(refname)%00%(upstream:short)%00%(objectname)%00%(upstream:track)%00%(upstream:remotename)%00%(upstream:remoteref) refs/heads/main refs/remotes/main [1ms]
2024-01-30 11:50:39.299 [info] > git status -z -uall [4ms]
2024-01-30 11:50:44.311 [info] > git config --get commit.template [4ms]
2024-01-30 11:50:44.312 [info] > git for-each-ref --format=%(refname)%00%(upstream:short)%00%(objectname)%00%(upstream:track)%00%(upstream:remotename)%00%(upstream:remoteref) refs/heads/main refs/remotes/main [2ms]
2024-01-30 11:50:44.318 [info] > git status -z -uall [3ms]
2024-01-30 11:50:48.565 [info] > git merge-base refs/heads/main refs/remotes/origin/main [2ms]
2024-01-30 11:50:48.572 [info] > git rev-list --count --left-right refs/heads/main...refs/remotes/origin/main [2ms]
2024-01-30 11:50:49.060 [info] > git check-ignore -v -z --stdin [2ms]
2024-01-30 11:50:49.329 [info] > git config --get commit.template [4ms]
2024-01-30 11:50:49.330 [info] > git for-each-ref --format=%(refname)%00%(upstream:short)%00%(objectname)%00%(upstream:track)%00%(upstream:remotename)%00%(upstream:remoteref) refs/heads/main refs/remotes/main [1ms]
2024-01-30 11:50:49.338 [info] > git status -z -uall [4ms]
2024-01-30 11:50:54.352 [info] > git config --get commit.template [3ms]
2024-01-30 11:50:54.354 [info] > git for-each-ref --format=%(refname)%00%(upstream:short)%00%(objectname)%00%(upstream:track)%00%(upstream:remotename)%00%(upstream:remoteref) refs/heads/main refs/remotes/main [2ms]
2024-01-30 11:50:54.361 [info] > git status -z -uall [4ms]
2024-01-30 11:50:59.372 [info] > git config --get commit.template [3ms]
2024-01-30 11:50:59.374 [info] > git for-each-ref --format=%(refname)%00%(upstream:short)%00%(objectname)%00%(upstream:track)%00%(upstream:remotename)%00%(upstream:remoteref) refs/heads/main refs/remotes/main [2ms]
2024-01-30 11:50:59.381 [info] > git status -z -uall [3ms]
2024-01-30 11:51:01.189 [info] > git check-ignore -v -z --stdin [4ms]
2024-01-30 11:51:03.940 [info] > git check-ignore -v -z --stdin [3ms]
2024-01-30 11:51:04.394 [info] > git config --get commit.template [5ms]
2024-01-30 11:51:04.397 [info] > git for-each-ref --format=%(refname)%00%(upstream:short)%00%(objectname)%00%(upstream:track)%00%(upstream:remotename)%00%(upstream:remoteref) refs/heads/main refs/remotes/main [3ms]
2024-01-30 11:51:04.408 [info] > git status -z -uall [4ms]
2024-01-30 11:51:08.554 [info] > git check-ignore -v -z --stdin [2ms]
2024-01-30 11:51:11.065 [info] > git show --textconv :~/root/User/History/-5913a7dc/aOY4 [4ms]
2024-01-30 11:51:11.066 [info] > git ls-files --stage -- /root/example2/~/root/User/History/-5913a7dc/aOY4 [1ms]
2024-01-30 11:51:11.344 [info] > git check-ignore -v -z --stdin [2ms]
2024-01-30 11:51:12.146 [info] > git config --get commit.template [6ms]
2024-01-30 11:51:12.147 [info] > git for-each-ref --format=%(refname)%00%(upstream:short)%00%(objectname)%00%(upstream:track)%00%(upstream:remotename)%00%(upstream:remoteref) refs/heads/main refs/remotes/main [2ms]
2024-01-30 11:51:12.157 [info] > git status -z -uall [5ms]
2024-01-30 11:51:17.289 [info] > git config --get commit.template [4ms]
2024-01-30 11:51:17.290 [info] > git for-each-ref --format=%(refname)%00%(upstream:short)%00%(objectname)%00%(upstream:track)%00%(upstream:remotename)%00%(upstream:remoteref) refs/heads/main refs/remotes/main [1ms]
2024-01-30 11:51:17.299 [info] > git status -z -uall [4ms]
2024-01-30 11:51:22.313 [info] > git config --get commit.template [6ms]
2024-01-30 11:51:22.314 [info] > git for-each-ref --format=%(refname)%00%(upstream:short)%00%(objectname)%00%(upstream:track)%00%(upstream:remotename)%00%(upstream:remoteref) refs/heads/main refs/remotes/main [2ms]
2024-01-30 11:51:22.323 [info] > git status -z -uall [5ms]
2024-01-30 11:51:23.988 [info] > git show --textconv :~/root/User/History/-59227ea6/9G8N [7ms]
2024-01-30 11:51:23.990 [info] > git ls-files --stage -- /root/example2/~/root/User/History/-59227ea6/9G8N [3ms]
2024-01-30 11:51:24.263 [info] > git check-ignore -v -z --stdin [1ms]
2024-01-30 11:51:26.307 [info] > git show --textconv :~/root/User/History/-5913a7dc/aOY4 [3ms]
2024-01-30 11:51:26.308 [info] > git ls-files --stage -- /root/example2/~/root/User/History/-5913a7dc/aOY4 [1ms]
2024-01-30 11:51:27.337 [info] > git config --get commit.template [4ms]
2024-01-30 11:51:27.337 [info] > git for-each-ref --format=%(refname)%00%(upstream:short)%00%(objectname)%00%(upstream:track)%00%(upstream:remotename)%00%(upstream:remoteref) refs/heads/main refs/remotes/main [2ms]
2024-01-30 11:51:27.346 [info] > git status -z -uall [5ms]
2024-01-30 11:51:28.566 [info] > git show --textconv :~/root/User/History/-59227ea6/9G8N [5ms]
2024-01-30 11:51:28.567 [info] > git ls-files --stage -- /root/example2/~/root/User/History/-59227ea6/9G8N [2ms]
2024-01-30 11:51:29.586 [info] > git show --textconv :bin/docker-entrypoint [4ms]
2024-01-30 11:51:29.588 [info] > git ls-files --stage -- /root/example2/bin/docker-entrypoint [3ms]
2024-01-30 11:51:30.450 [info] > git show --textconv :Dockerfile [3ms]
2024-01-30 11:51:30.451 [info] > git ls-files --stage -- /root/example2/Dockerfile [1ms]
2024-01-30 11:51:30.455 [info] > git cat-file -s f3d14144ccb2a4bce61ed84325ee97b72f106507 [2ms]
2024-01-30 11:51:30.885 [info] > git show --textconv :~/root/User/History/-5913a7dc/aOY4 [3ms]
2024-01-30 11:51:30.886 [info] > git ls-files --stage -- /root/example2/~/root/User/History/-5913a7dc/aOY4 [1ms]
2024-01-30 11:51:31.330 [info] > git show --textconv :~/root/User/History/-59227ea6/9G8N [4ms]
2024-01-30 11:51:31.332 [info] > git ls-files --stage -- /root/example2/~/root/User/History/-59227ea6/9G8N [2ms]
2024-01-30 11:51:32.357 [info] > git config --get commit.template [4ms]
2024-01-30 11:51:32.358 [info] > git for-each-ref --format=%(refname)%00%(upstream:short)%00%(objectname)%00%(upstream:track)%00%(upstream:remotename)%00%(upstream:remoteref) refs/heads/main refs/remotes/main [2ms]
2024-01-30 11:51:32.365 [info] > git status -z -uall [4ms]
2024-01-30 11:51:33.612 [info] > git check-ignore -v -z --stdin [2ms]
2024-01-30 11:51:34.419 [info] > git show --textconv :~/root/User/History/-592a6681/D5zx [6ms]
2024-01-30 11:51:34.421 [info] > git ls-files --stage -- /root/example2/~/root/User/History/-592a6681/D5zx [1ms]
2024-01-30 11:51:34.699 [info] > git check-ignore -v -z --stdin [1ms]
2024-01-30 11:51:37.377 [info] > git config --get commit.template [4ms]
2024-01-30 11:51:37.377 [info] > git for-each-ref --format=%(refname)%00%(upstream:short)%00%(objectname)%00%(upstream:track)%00%(upstream:remotename)%00%(upstream:remoteref) refs/heads/main refs/remotes/main [1ms]
2024-01-30 11:51:37.384 [info] > git status -z -uall [4ms]
2024-01-30 11:51:39.521 [info] > git check-ignore -v -z --stdin [1ms]
2024-01-30 11:51:40.996 [info] > git show --textconv :~/root/User/History/829d370/2Jph [4ms]
2024-01-30 11:51:40.997 [info] > git ls-files --stage -- /root/example2/~/root/User/History/829d370/2Jph [1ms]
2024-01-30 11:51:41.000 [info] > git cat-file -s 34572ace83c8f49544bb1aec79386a00a90902bb [1ms]
2024-01-30 11:51:41.279 [info] > git check-ignore -v -z --stdin [1ms]
2024-01-30 11:51:42.394 [info] > git config --get commit.template [3ms]
2024-01-30 11:51:42.395 [info] > git for-each-ref --format=%(refname)%00%(upstream:short)%00%(objectname)%00%(upstream:track)%00%(upstream:remotename)%00%(upstream:remoteref) refs/heads/main refs/remotes/main [1ms]
2024-01-30 11:51:42.402 [info] > git status -z -uall [4ms]
2024-01-30 11:51:46.066 [info] > git show --textconv :~/root/User/History/829d370/8mCe [3ms]
2024-01-30 11:51:46.067 [info] > git ls-files --stage -- /root/example2/~/root/User/History/829d370/8mCe [2ms]
2024-01-30 11:51:47.413 [info] > git config --get commit.template [4ms]
2024-01-30 11:51:47.414 [info] > git for-each-ref --format=%(refname)%00%(upstream:short)%00%(objectname)%00%(upstream:track)%00%(upstream:remotename)%00%(upstream:remoteref) refs/heads/main refs/remotes/main [2ms]
2024-01-30 11:51:47.423 [info] > git status -z -uall [4ms]
2024-01-30 11:51:51.363 [info] > git show --textconv :~/root/User/History/829d370/BcpO [3ms]
2024-01-30 11:51:51.365 [info] > git ls-files --stage -- /root/example2/~/root/User/History/829d370/BcpO [2ms]
2024-01-30 11:51:52.439 [info] > git config --get commit.template [4ms]
2024-01-30 11:51:52.440 [info] > git for-each-ref --format=%(refname)%00%(upstream:short)%00%(objectname)%00%(upstream:track)%00%(upstream:remotename)%00%(upstream:remoteref) refs/heads/main refs/remotes/main [1ms]
2024-01-30 11:51:52.448 [info] > git status -z -uall [5ms]
2024-01-30 11:51:55.107 [info] > git check-ignore -v -z --stdin [2ms]
2024-01-30 11:51:56.470 [info] > git check-ignore -v -z --stdin [2ms]
2024-01-30 11:51:57.078 [info] > git check-ignore -v -z --stdin [2ms]
2024-01-30 11:51:57.460 [info] > git config --get commit.template [4ms]
2024-01-30 11:51:57.461 [info] > git for-each-ref --format=%(refname)%00%(upstream:short)%00%(objectname)%00%(upstream:track)%00%(upstream:remotename)%00%(upstream:remoteref) refs/heads/main refs/remotes/main [2ms]
2024-01-30 11:51:57.467 [info] > git status -z -uall [3ms]
2024-01-30 11:51:57.813 [info] > git check-ignore -v -z --stdin [1ms]
2024-01-30 11:51:58.622 [info] > git check-ignore -v -z --stdin [2ms]
2024-01-30 11:52:01.251 [info] > git show --textconv :~/root/User/History/829d370/teTH [3ms]
2024-01-30 11:52:01.253 [info] > git ls-files --stage -- /root/example2/~/root/User/History/829d370/teTH [2ms]
2024-01-30 11:52:02.480 [info] > git config --get commit.template [3ms]
2024-01-30 11:52:02.481 [info] > git for-each-ref --format=%(refname)%00%(upstream:short)%00%(objectname)%00%(upstream:track)%00%(upstream:remotename)%00%(upstream:remoteref) refs/heads/main refs/remotes/main [1ms]
2024-01-30 11:52:02.497 [info] > git status -z -uall [3ms]
2024-01-30 11:52:45.300 [info] > git config --get commit.template [5ms]
2024-01-30 11:52:45.301 [info] > git for-each-ref --format=%(refname)%00%(upstream:short)%00%(objectname)%00%(upstream:track)%00%(upstream:remotename)%00%(upstream:remoteref) refs/heads/main refs/remotes/main [2ms]
2024-01-30 11:52:45.309 [info] > git status -z -uall [4ms]
2024-01-30 11:52:47.327 [info] > git show --textconv :~/root/User/History/829d370/BcpO [3ms]
2024-01-30 11:52:47.329 [info] > git ls-files --stage -- /root/example2/~/root/User/History/829d370/BcpO [2ms]
2024-01-30 11:52:47.972 [info] > git show --textconv :~/root/User/History/829d370/8mCe [4ms]
2024-01-30 11:52:47.973 [info] > git ls-files --stage -- /root/example2/~/root/User/History/829d370/8mCe [1ms]
2024-01-30 11:52:50.241 [info] > git show --textconv :~/root/User/History/829d370/2Jph [4ms]
2024-01-30 11:52:50.242 [info] > git ls-files --stage -- /root/example2/~/root/User/History/829d370/2Jph [1ms]
2024-01-30 11:52:50.246 [info] > git cat-file -s 34572ace83c8f49544bb1aec79386a00a90902bb [2ms]
2024-01-30 11:52:50.323 [info] > git config --get commit.template [3ms]
2024-01-30 11:52:50.324 [info] > git for-each-ref --format=%(refname)%00%(upstream:short)%00%(objectname)%00%(upstream:track)%00%(upstream:remotename)%00%(upstream:remoteref) refs/heads/main refs/remotes/main [2ms]
2024-01-30 11:52:50.330 [info] > git status -z -uall [3ms]
2024-01-30 11:52:51.626 [info] > git show --textconv :~/root/User/History/-592a6681/D5zx [4ms]
2024-01-30 11:52:51.627 [info] > git ls-files --stage -- /root/example2/~/root/User/History/-592a6681/D5zx [2ms]
2024-01-30 11:52:52.386 [info] > git show --textconv :~/root/User/History/-5913a7dc/aOY4 [3ms]
2024-01-30 11:52:52.387 [info] > git ls-files --stage -- /root/example2/~/root/User/History/-5913a7dc/aOY4 [2ms]
2024-01-30 11:52:53.567 [info] > git show --textconv :Dockerfile [3ms]
2024-01-30 11:52:53.568 [info] > git ls-files --stage -- /root/example2/Dockerfile [1ms]
2024-01-30 11:52:53.572 [info] > git cat-file -s f3d14144ccb2a4bce61ed84325ee97b72f106507 [1ms]
2024-01-30 11:52:58.558 [info] > git config --get commit.template [3ms]
2024-01-30 11:52:58.559 [info] > git for-each-ref --format=%(refname)%00%(upstream:short)%00%(objectname)%00%(upstream:track)%00%(upstream:remotename)%00%(upstream:remoteref) refs/heads/main refs/remotes/main [1ms]
2024-01-30 11:52:58.567 [info] > git status -z -uall [4ms]
2024-01-30 11:53:03.581 [info] > git config --get commit.template [3ms]
2024-01-30 11:53:03.583 [info] > git for-each-ref --format=%(refname)%00%(upstream:short)%00%(objectname)%00%(upstream:track)%00%(upstream:remotename)%00%(upstream:remoteref) refs/heads/main refs/remotes/main [2ms]
2024-01-30 11:53:03.590 [info] > git status -z -uall [4ms]
2024-01-30 11:53:14.425 [info] > git config --get commit.template [3ms]
2024-01-30 11:53:14.427 [info] > git for-each-ref --format=%(refname)%00%(upstream:short)%00%(objectname)%00%(upstream:track)%00%(upstream:remotename)%00%(upstream:remoteref) refs/heads/main refs/remotes/main [2ms]
2024-01-30 11:53:14.434 [info] > git status -z -uall [4ms]
2024-01-30 11:53:19.494 [info] > git add -A -- . [28ms]
2024-01-30 11:53:19.528 [info] > git -c user.useConfigOnly=true commit --quiet --allow-empty-message --file - [30ms]
2024-01-30 11:53:19.533 [info] > git config --get commit.template [1ms]
2024-01-30 11:53:19.546 [info] > git config --get commit.template [5ms]
2024-01-30 11:53:19.547 [info] > git for-each-ref --format=%(refname)%00%(upstream:short)%00%(objectname)%00%(upstream:track)%00%(upstream:remotename)%00%(upstream:remoteref) refs/heads/main refs/remotes/main [1ms]
2024-01-30 11:53:19.555 [info] > git status -z -uall [4ms]
2024-01-30 11:53:19.593 [info] > git config --get commit.template [4ms]
2024-01-30 11:53:19.598 [info] > git for-each-ref --format=%(refname)%00%(upstream:short)%00%(objectname)%00%(upstream:track)%00%(upstream:remotename)%00%(upstream:remoteref) refs/heads/main refs/remotes/main [6ms]
2024-01-30 11:53:19.598 [info] > git merge-base refs/heads/main refs/remotes/origin/main [1ms]
2024-01-30 11:53:19.606 [info] > git rev-list --count --left-right refs/heads/main...refs/remotes/origin/main [5ms]
2024-01-30 11:53:19.609 [info] > git status -z -uall [3ms]
2024-01-30 11:53:20.748 [info] > git config --get commit.template [4ms]
2024-01-30 11:53:20.749 [info] > git for-each-ref --format=%(refname)%00%(upstream:short)%00%(objectname)%00%(upstream:track)%00%(upstream:remotename)%00%(upstream:remoteref) refs/heads/main refs/remotes/main [1ms]
2024-01-30 11:53:20.756 [info] > git status -z -uall [4ms]
2024-01-30 11:53:20.846 [info] > git ls-files --stage -- /root/example2/Dockerfile [2ms]
2024-01-30 11:53:20.851 [info] > git cat-file -s 4d94f084b896a6530a21d0df479e1686d6676bad [1ms]
2024-01-30 11:53:20.859 [info] > git show --textconv :Dockerfile [1ms]
2024-01-30 11:53:25.767 [info] > git config --get commit.template [4ms]
2024-01-30 11:53:25.768 [info] > git for-each-ref --format=%(refname)%00%(upstream:short)%00%(objectname)%00%(upstream:track)%00%(upstream:remotename)%00%(upstream:remoteref) refs/heads/main refs/remotes/main [2ms]
2024-01-30 11:53:25.775 [info] > git status -z -uall [3ms]
2024-01-30 11:53:26.390 [info] > git check-ignore -v -z --stdin [2ms]
2024-01-30 11:53:27.914 [info] > git log --format=%H%n%aN%n%aE%n%at%n%ct%n%P%n%D%n%B -z --shortstat --diff-merges=first-parent --author-date-order 4e16d8ae9ec33d30eb14cf0ea06354fd4fc7b9f0..4b59fdfd10b624e4291bdb132d561e1258a21d1e [7ms]
2024-01-30 11:53:27.915 [info] > git diff --shortstat 4e16d8ae9ec33d30eb14cf0ea06354fd4fc7b9f0...4b59fdfd10b624e4291bdb132d561e1258a21d1e [6ms]
2024-01-30 11:53:30.790 [info] > git config --get commit.template [4ms]
2024-01-30 11:53:30.790 [info] > git for-each-ref --format=%(refname)%00%(upstream:short)%00%(objectname)%00%(upstream:track)%00%(upstream:remotename)%00%(upstream:remoteref) refs/heads/main refs/remotes/main [2ms]
2024-01-30 11:53:30.799 [info] > git status -z -uall [4ms]
2024-01-30 11:53:31.233 [info] > git add -A -- . [6ms]
2024-01-30 11:53:31.638 [info] > git show --textconv :.git/COMMIT_EDITMSG [4ms]
2024-01-30 11:53:31.639 [info] > git ls-files --stage -- /root/example2/.git/COMMIT_EDITMSG [1ms]
2024-01-30 11:53:31.941 [info] > git check-ignore -v -z --stdin [2ms]
2024-01-30 11:53:32.483 [info] > git ls-files --stage -- /root/example2/.git/COMMIT_EDITMSG [2ms]
2024-01-30 11:53:32.489 [info] > git show --textconv :.git/COMMIT_EDITMSG [1ms]
2024-01-30 11:53:43.050 [info] > git -c user.useConfigOnly=true commit --quiet [11814ms]
2024-01-30 11:53:43.061 [info] > git config --get commit.template [4ms]
2024-01-30 11:53:43.062 [info] > git for-each-ref --format=%(refname)%00%(upstream:short)%00%(objectname)%00%(upstream:track)%00%(upstream:remotename)%00%(upstream:remoteref) refs/heads/main refs/remotes/main [2ms]
2024-01-30 11:53:43.070 [info] > git status -z -uall [4ms]
2024-01-30 11:53:43.109 [info] > git for-each-ref --format=%(refname)%00%(upstream:short)%00%(objectname)%00%(upstream:track)%00%(upstream:remotename)%00%(upstream:remoteref) refs/heads/main refs/remotes/main [4ms]
2024-01-30 11:53:43.109 [info] > git config --get commit.template [8ms]
2024-01-30 11:53:43.110 [info] > git merge-base refs/heads/main refs/remotes/origin/main [2ms]
2024-01-30 11:53:43.118 [info] > git rev-list --count --left-right refs/heads/main...refs/remotes/origin/main [4ms]
2024-01-30 11:53:43.129 [info] > git status -z -uall [11ms]
2024-01-30 11:53:43.132 [info] > git log --format=%H%n%aN%n%aE%n%at%n%ct%n%P%n%D%n%B -z --shortstat --diff-merges=first-parent --author-date-order 4e16d8ae9ec33d30eb14cf0ea06354fd4fc7b9f0..f027f552a5fe339a8566fb90432858757e7dc715 [7ms]
2024-01-30 11:53:43.133 [info] > git diff --shortstat 4e16d8ae9ec33d30eb14cf0ea06354fd4fc7b9f0...f027f552a5fe339a8566fb90432858757e7dc715 [5ms]
2024-01-30 11:53:43.441 [info] > git show --textconv :Dockerfile [3ms]
2024-01-30 11:53:43.441 [info] > git ls-files --stage -- /root/example2/Dockerfile [1ms]
2024-01-30 11:53:43.446 [info] > git cat-file -s 4d94f084b896a6530a21d0df479e1686d6676bad [1ms]
2024-01-30 11:53:43.744 [info] > git check-ignore -v -z --stdin [2ms]
2024-01-30 11:53:44.370 [info] > git ls-files --stage -- /root/example2/Dockerfile [2ms]
2024-01-30 11:53:44.375 [info] > git cat-file -s 4d94f084b896a6530a21d0df479e1686d6676bad [1ms]
2024-01-30 11:53:44.380 [info] > git show --textconv :Dockerfile [1ms]
2024-01-30 11:53:44.584 [info] > git config --get commit.template [4ms]
2024-01-30 11:53:44.585 [info] > git for-each-ref --format=%(refname)%00%(upstream:short)%00%(objectname)%00%(upstream:track)%00%(upstream:remotename)%00%(upstream:remoteref) refs/heads/main refs/remotes/main [2ms]
2024-01-30 11:53:44.593 [info] > git status -z -uall [5ms]
2024-01-30 11:53:49.603 [info] > git config --get commit.template [1ms]
2024-01-30 11:53:49.608 [info] > git for-each-ref --format=%(refname)%00%(upstream:short)%00%(objectname)%00%(upstream:track)%00%(upstream:remotename)%00%(upstream:remoteref) refs/heads/main refs/remotes/main [2ms]
2024-01-30 11:53:49.616 [info] > git status -z -uall [4ms]
2024-01-30 11:53:56.712 [info] > git config --get commit.template [3ms]
2024-01-30 11:53:56.714 [info] > git for-each-ref --format=%(refname)%00%(upstream:short)%00%(objectname)%00%(upstream:track)%00%(upstream:remotename)%00%(upstream:remoteref) refs/heads/main refs/remotes/main [2ms]
2024-01-30 11:53:56.721 [info] > git status -z -uall [4ms]
2024-01-30 11:54:10.163 [info] > git config --get commit.template [3ms]
2024-01-30 11:54:10.163 [info] > git for-each-ref --format=%(refname)%00%(upstream:short)%00%(objectname)%00%(upstream:track)%00%(upstream:remotename)%00%(upstream:remoteref) refs/heads/main refs/remotes/main [1ms]
2024-01-30 11:54:10.170 [info] > git status -z -uall [3ms]
2024-01-30 11:54:13.856 [info] > git ls-files --stage -- /root/example2/Dockerfile [2ms]
2024-01-30 11:54:13.862 [info] > git cat-file -s 4d94f084b896a6530a21d0df479e1686d6676bad [2ms]
2024-01-30 11:54:13.871 [info] > git show --textconv :Dockerfile [2ms]
2024-01-30 11:54:15.187 [info] > git config --get commit.template [7ms]
2024-01-30 11:54:15.189 [info] > git for-each-ref --format=%(refname)%00%(upstream:short)%00%(objectname)%00%(upstream:track)%00%(upstream:remotename)%00%(upstream:remoteref) refs/heads/main refs/remotes/main [2ms]
2024-01-30 11:54:15.196 [info] > git status -z -uall [4ms]
2024-01-30 11:54:43.878 [info] > git config --get commit.template [10ms]
2024-01-30 11:54:43.879 [info] > git for-each-ref --format=%(refname)%00%(upstream:short)%00%(objectname)%00%(upstream:track)%00%(upstream:remotename)%00%(upstream:remoteref) refs/heads/main refs/remotes/main [3ms]
2024-01-30 11:54:43.891 [info] > git status -z -uall [7ms]
2024-01-30 11:54:45.090 [info] > git merge-base refs/heads/main refs/remotes/origin/main [2ms]
2024-01-30 11:54:45.097 [info] > git rev-list --count --left-right refs/heads/main...refs/remotes/origin/main [2ms]
2024-01-30 11:54:48.121 [info] > git add -A -- . [7ms]
2024-01-30 11:54:48.501 [info] > git show --textconv :.git/COMMIT_EDITMSG [4ms]
2024-01-30 11:54:48.503 [info] > git ls-files --stage -- /root/example2/.git/COMMIT_EDITMSG [2ms]
2024-01-30 11:54:49.303 [info] > git ls-files --stage -- /root/example2/.git/COMMIT_EDITMSG [2ms]
2024-01-30 11:54:49.309 [info] > git show --textconv :.git/COMMIT_EDITMSG [1ms]
2024-01-30 11:54:58.210 [info] > git -c user.useConfigOnly=true commit --quiet [10085ms]
2024-01-30 11:54:58.210 [info] Aborting commit due to empty commit message.
2024-01-30 11:54:58.218 [info] > git config --get commit.template [3ms]
2024-01-30 11:54:58.219 [info] > git for-each-ref --format=%(refname)%00%(upstream:short)%00%(objectname)%00%(upstream:track)%00%(upstream:remotename)%00%(upstream:remoteref) refs/heads/main refs/remotes/main [1ms]
2024-01-30 11:54:58.226 [info] > git status -z -uall [4ms]
2024-01-30 11:54:58.236 [info] > git config --get commit.template [3ms]
2024-01-30 11:54:58.236 [info] > git for-each-ref --format=%(refname)%00%(upstream:short)%00%(objectname)%00%(upstream:track)%00%(upstream:remotename)%00%(upstream:remoteref) refs/heads/main refs/remotes/main [1ms]
2024-01-30 11:54:58.246 [info] > git status -z -uall [6ms]
2024-01-30 11:54:58.571 [info] > git show --textconv :Dockerfile [3ms]
2024-01-30 11:54:58.572 [info] > git ls-files --stage -- /root/example2/Dockerfile [1ms]
2024-01-30 11:54:58.577 [info] > git cat-file -s 4d94f084b896a6530a21d0df479e1686d6676bad [1ms]
2024-01-30 11:54:58.900 [info] > git check-ignore -v -z --stdin [2ms]
2024-01-30 11:55:03.258 [info] > git config --get commit.template [3ms]
2024-01-30 11:55:03.260 [info] > git for-each-ref --format=%(refname)%00%(upstream:short)%00%(objectname)%00%(upstream:track)%00%(upstream:remotename)%00%(upstream:remoteref) refs/heads/main refs/remotes/main [2ms]
2024-01-30 11:55:03.268 [info] > git status -z -uall [5ms]
2024-01-30 11:55:06.404 [info] > git add -A -- /root/example2/~/root/TransportSecurity /root/example2/~/root/User/History/-468e69a/entries.json /root/example2/~/root/User/History/-5913a7dc/entries.json /root/example2/~/root/User/History/-592a6681/entries.json /root/example2/~/root/User/History/829d370/entries.json /root/example2/~/root/User/workspaceStorage/5dfa07f2b6d04b8b044c33ea4f249c0f/state.vscdb /root/example2/~/root/logs/20240129T165515/window2/exthost/vscode.git/Git.log /root/example2/~/root/User/History/-397abea4/entries.json /root/example2/~/root/User/History/-592ed20a/entries.json /root/example2/~/root/User/History/-59320a31/entries.json /root/example2/~/root/User/History/64b5deef/entries.json /root/example2/~/root/User/History/8c01767/entries.json [8ms]
2024-01-30 11:55:06.418 [info] > git config --get commit.template [6ms]
2024-01-30 11:55:06.419 [info] > git for-each-ref --format=%(refname)%00%(upstream:short)%00%(objectname)%00%(upstream:track)%00%(upstream:remotename)%00%(upstream:remoteref) refs/heads/main refs/remotes/main [2ms]
2024-01-30 11:55:06.428 [info] > git status -z -uall [4ms]
2024-01-30 11:55:07.667 [info] > git ls-files --stage -- /root/example2/Dockerfile [1ms]
2024-01-30 11:55:07.671 [info] > git cat-file -s 4d94f084b896a6530a21d0df479e1686d6676bad [2ms]
2024-01-30 11:55:07.677 [info] > git show --textconv :Dockerfile [2ms]
2024-01-30 11:55:08.280 [info] > git config --get commit.template [4ms]
2024-01-30 11:55:08.281 [info] > git for-each-ref --format=%(refname)%00%(upstream:short)%00%(objectname)%00%(upstream:track)%00%(upstream:remotename)%00%(upstream:remoteref) refs/heads/main refs/remotes/main [2ms]
2024-01-30 11:55:08.288 [info] > git status -z -uall [4ms]
2024-01-30 11:55:13.301 [info] > git config --get commit.template [4ms]
2024-01-30 11:55:13.301 [info] > git for-each-ref --format=%(refname)%00%(upstream:short)%00%(objectname)%00%(upstream:track)%00%(upstream:remotename)%00%(upstream:remoteref) refs/heads/main refs/remotes/main [1ms]
2024-01-30 11:55:13.310 [info] > git status -z -uall [4ms]
2024-01-30 11:55:15.556 [info] > git add -A -- /root/example2/~/root/TransportSecurity /root/example2/~/root/logs/20240129T165515/window2/exthost/vscode.git/Git.log [5ms]
2024-01-30 11:55:15.570 [info] > git config --get commit.template [6ms]
2024-01-30 11:55:15.571 [info] > git for-each-ref --format=%(refname)%00%(upstream:short)%00%(objectname)%00%(upstream:track)%00%(upstream:remotename)%00%(upstream:remoteref) refs/heads/main refs/remotes/main [2ms]
2024-01-30 11:55:15.580 [info] > git status -z -uall [4ms]
2024-01-30 11:55:16.817 [info] > git ls-files --stage -- /root/example2/Dockerfile [2ms]
2024-01-30 11:55:16.820 [info] > git cat-file -s 4d94f084b896a6530a21d0df479e1686d6676bad [1ms]
2024-01-30 11:55:16.825 [info] > git show --textconv :Dockerfile [2ms]
2024-01-30 11:55:18.322 [info] > git config --get commit.template [5ms]
2024-01-30 11:55:18.323 [info] > git for-each-ref --format=%(refname)%00%(upstream:short)%00%(objectname)%00%(upstream:track)%00%(upstream:remotename)%00%(upstream:remoteref) refs/heads/main refs/remotes/main [1ms]
2024-01-30 11:55:18.329 [info] > git status -z -uall [3ms]
2024-01-30 11:55:37.387 [info] > git config --get commit.template [4ms]
2024-01-30 11:55:37.388 [info] > git for-each-ref --format=%(refname)%00%(upstream:short)%00%(objectname)%00%(upstream:track)%00%(upstream:remotename)%00%(upstream:remoteref) refs/heads/main refs/remotes/main [1ms]
2024-01-30 11:55:37.398 [info] > git status -z -uall [6ms]
2024-01-30 11:55:41.574 [info] > git branch [3ms]
2024-01-30 11:55:41.586 [info] > git reset -q HEAD -- . [6ms]
2024-01-30 11:55:41.597 [info] > git config --get commit.template [5ms]
2024-01-30 11:55:41.598 [info] > git for-each-ref --format=%(refname)%00%(upstream:short)%00%(objectname)%00%(upstream:track)%00%(upstream:remotename)%00%(upstream:remoteref) refs/heads/main refs/remotes/main [2ms]
2024-01-30 11:55:41.607 [info] > git status -z -uall [4ms]
2024-01-30 11:55:42.411 [info] > git config --get commit.template [3ms]
2024-01-30 11:55:42.412 [info] > git for-each-ref --format=%(refname)%00%(upstream:short)%00%(objectname)%00%(upstream:track)%00%(upstream:remotename)%00%(upstream:remoteref) refs/heads/main refs/remotes/main [2ms]
2024-01-30 11:55:42.419 [info] > git status -z -uall [4ms]
2024-01-30 11:55:42.843 [info] > git ls-files --stage -- /root/example2/Dockerfile [3ms]
2024-01-30 11:55:42.846 [info] > git cat-file -s 4d94f084b896a6530a21d0df479e1686d6676bad [1ms]
2024-01-30 11:55:42.851 [info] > git show --textconv :Dockerfile [1ms]
2024-01-30 11:55:47.428 [info] > git config --get commit.template [3ms]
2024-01-30 11:55:47.429 [info] > git for-each-ref --format=%(refname)%00%(upstream:short)%00%(objectname)%00%(upstream:track)%00%(upstream:remotename)%00%(upstream:remoteref) refs/heads/main refs/remotes/main [1ms]
2024-01-30 11:55:47.436 [info] > git status -z -uall [4ms]
2024-01-30 11:55:55.409 [info] > git config --get commit.template [14ms]
2024-01-30 11:55:55.410 [info] > git for-each-ref --format=%(refname)%00%(upstream:short)%00%(objectname)%00%(upstream:track)%00%(upstream:remotename)%00%(upstream:remoteref) refs/heads/main refs/remotes/main [1ms]
2024-01-30 11:55:55.424 [info] > git status -z -uall [6ms]
2024-01-30 11:55:58.630 [info] > git add -A -- . [6ms]
2024-01-30 11:55:58.980 [info] > git show --textconv :.git/COMMIT_EDITMSG [4ms]
2024-01-30 11:55:58.981 [info] > git ls-files --stage -- /root/example2/.git/COMMIT_EDITMSG [2ms]
2024-01-30 11:55:59.819 [info] > git ls-files --stage -- /root/example2/.git/COMMIT_EDITMSG [2ms]
2024-01-30 11:55:59.826 [info] > git show --textconv :.git/COMMIT_EDITMSG [2ms]
2024-01-30 11:56:15.129 [info] > git -c user.useConfigOnly=true commit --quiet [16495ms]
2024-01-30 11:56:15.142 [info] > git config --get commit.template [5ms]
2024-01-30 11:56:15.144 [info] > git for-each-ref --format=%(refname)%00%(upstream:short)%00%(objectname)%00%(upstream:track)%00%(upstream:remotename)%00%(upstream:remoteref) refs/heads/main refs/remotes/main [3ms]
2024-01-30 11:56:15.156 [info] > git status -z -uall [4ms]
2024-01-30 11:56:15.172 [info] > git config --get commit.template [4ms]
2024-01-30 11:56:15.173 [info] > git for-each-ref --format=%(refname)%00%(upstream:short)%00%(objectname)%00%(upstream:track)%00%(upstream:remotename)%00%(upstream:remoteref) refs/heads/main refs/remotes/main [2ms]
2024-01-30 11:56:15.185 [info] > git status -z -uall [7ms]
2024-01-30 11:56:15.217 [info] > git config --get commit.template [2ms]
2024-01-30 11:56:15.226 [info] > git for-each-ref --format=%(refname)%00%(upstream:short)%00%(objectname)%00%(upstream:track)%00%(upstream:remotename)%00%(upstream:remoteref) refs/heads/main refs/remotes/main [5ms]
2024-01-30 11:56:15.227 [info] > git merge-base refs/heads/main refs/remotes/origin/main [2ms]
2024-01-30 11:56:15.238 [info] > git rev-list --count --left-right refs/heads/main...refs/remotes/origin/main [5ms]
2024-01-30 11:56:15.241 [info] > git status -z -uall [4ms]
2024-01-30 11:56:15.562 [info] > git show --textconv :Dockerfile [6ms]
2024-01-30 11:56:15.563 [info] > git ls-files --stage -- /root/example2/Dockerfile [2ms]
2024-01-30 11:56:15.567 [info] > git cat-file -s 4d94f084b896a6530a21d0df479e1686d6676bad [1ms]
2024-01-30 11:56:15.867 [info] > git check-ignore -v -z --stdin [1ms]
2024-01-30 11:56:16.479 [info] > git ls-files --stage -- /root/example2/Dockerfile [2ms]
2024-01-30 11:56:16.482 [info] > git cat-file -s 4d94f084b896a6530a21d0df479e1686d6676bad [1ms]
2024-01-30 11:56:16.488 [info] > git show --textconv :Dockerfile [2ms]
2024-01-30 11:56:18.442 [info] > git log --format=%H%n%aN%n%aE%n%at%n%ct%n%P%n%D%n%B -z --shortstat --diff-merges=first-parent --author-date-order f027f552a5fe339a8566fb90432858757e7dc715..3c25059567c584511060f100ec7238df9b6bc1a9 [3ms]
2024-01-30 11:56:18.444 [info] > git diff --shortstat f027f552a5fe339a8566fb90432858757e7dc715...3c25059567c584511060f100ec7238df9b6bc1a9 [2ms]
2024-01-30 11:56:20.200 [info] > git config --get commit.template [6ms]
2024-01-30 11:56:20.201 [info] > git for-each-ref --format=%(refname)%00%(upstream:short)%00%(objectname)%00%(upstream:track)%00%(upstream:remotename)%00%(upstream:remoteref) refs/heads/main refs/remotes/main [2ms]
2024-01-30 11:56:20.210 [info] > git status -z -uall [5ms]
2024-01-30 11:56:25.222 [info] > git config --get commit.template [3ms]
2024-01-30 11:56:25.223 [info] > git for-each-ref --format=%(refname)%00%(upstream:short)%00%(objectname)%00%(upstream:track)%00%(upstream:remotename)%00%(upstream:remoteref) refs/heads/main refs/remotes/main [1ms]
2024-01-30 11:56:25.230 [info] > git status -z -uall [4ms]
2024-01-30 11:56:25.452 [info] > git add -A -- . [14ms]
2024-01-30 11:56:25.820 [info] > git show --textconv :.git/COMMIT_EDITMSG [3ms]
2024-01-30 11:56:25.821 [info] > git ls-files --stage -- /root/example2/.git/COMMIT_EDITMSG [1ms]
2024-01-30 11:56:26.712 [info] > git ls-files --stage -- /root/example2/.git/COMMIT_EDITMSG [1ms]
2024-01-30 11:56:26.718 [info] > git show --textconv :.git/COMMIT_EDITMSG [2ms]
2024-01-30 11:56:32.670 [info] > git -c user.useConfigOnly=true commit --quiet [7214ms]
2024-01-30 11:56:32.685 [info] > git config --get commit.template [7ms]
2024-01-30 11:56:32.686 [info] > git for-each-ref --format=%(refname)%00%(upstream:short)%00%(objectname)%00%(upstream:track)%00%(upstream:remotename)%00%(upstream:remoteref) refs/heads/main refs/remotes/main [2ms]
2024-01-30 11:56:32.698 [info] > git status -z -uall [5ms]
2024-01-30 11:56:32.753 [info] > git config --get commit.template [5ms]
2024-01-30 11:56:32.759 [info] > git for-each-ref --format=%(refname)%00%(upstream:short)%00%(objectname)%00%(upstream:track)%00%(upstream:remotename)%00%(upstream:remoteref) refs/heads/main refs/remotes/main [7ms]
2024-01-30 11:56:32.760 [info] > git merge-base refs/heads/main refs/remotes/origin/main [2ms]
2024-01-30 11:56:32.772 [info] > git rev-list --count --left-right refs/heads/main...refs/remotes/origin/main [6ms]
2024-01-30 11:56:32.775 [info] > git status -z -uall [4ms]
2024-01-30 11:56:33.089 [info] > git show --textconv :Dockerfile [4ms]
2024-01-30 11:56:33.090 [info] > git ls-files --stage -- /root/example2/Dockerfile [2ms]
2024-01-30 11:56:33.094 [info] > git cat-file -s 4d94f084b896a6530a21d0df479e1686d6676bad [1ms]
2024-01-30 11:56:33.397 [info] > git check-ignore -v -z --stdin [2ms]
2024-01-30 11:56:34.014 [info] > git ls-files --stage -- /root/example2/Dockerfile [2ms]
2024-01-30 11:56:34.018 [info] > git cat-file -s 4d94f084b896a6530a21d0df479e1686d6676bad [1ms]
2024-01-30 11:56:34.025 [info] > git show --textconv :Dockerfile [3ms]
2024-01-30 11:56:34.174 [info] > git config --get commit.template [5ms]
2024-01-30 11:56:34.175 [info] > git for-each-ref --format=%(refname)%00%(upstream:short)%00%(objectname)%00%(upstream:track)%00%(upstream:remotename)%00%(upstream:remoteref) refs/heads/main refs/remotes/main [2ms]
2024-01-30 11:56:34.183 [info] > git status -z -uall [4ms]
