2024-01-29 14:43:26.190 [info] Log level: Info
2024-01-29 14:43:26.190 [info] Validating found git in: "git"
2024-01-29 14:43:26.190 [info] Using git "2.34.1" from "git"
2024-01-29 14:43:50.404 [info] Log level: Info
2024-01-29 14:43:50.404 [info] Validating found git in: "git"
2024-01-29 14:43:50.404 [info] Using git "2.34.1" from "git"
2024-01-29 14:43:50.404 [info] > git rev-parse --show-toplevel [2ms]
2024-01-29 14:43:50.409 [info] > git rev-parse --git-dir --git-common-dir [2ms]
2024-01-29 14:43:50.419 [info] Open repository: /root/example2
2024-01-29 14:43:50.428 [info] > git config --get commit.template [4ms]
2024-01-29 14:43:50.429 [info] > git rev-parse --show-toplevel [2ms]
2024-01-29 14:43:50.436 [info] > git for-each-ref --format=%(refname)%00%(upstream:short)%00%(objectname)%00%(upstream:track)%00%(upstream:remotename)%00%(upstream:remoteref) refs/heads/main refs/remotes/main [3ms]
2024-01-29 14:43:50.437 [info] > git rev-parse --show-toplevel [2ms]
2024-01-29 14:43:50.444 [info] > git rev-parse --show-toplevel [5ms]
2024-01-29 14:43:50.448 [info] > git rev-parse --show-toplevel [2ms]
2024-01-29 14:43:50.451 [info] > git rev-parse --show-toplevel [1ms]
2024-01-29 14:43:50.455 [info] > git status -z -uall [12ms]
2024-01-29 14:43:50.467 [info] > git rev-parse --show-toplevel [13ms]
2024-01-29 14:43:50.475 [info] > git config --get commit.template [7ms]
2024-01-29 14:43:50.483 [info] > git rev-parse --show-toplevel [9ms]
2024-01-29 14:43:50.550 [info] > git rev-parse --show-toplevel [64ms]
2024-01-29 14:43:50.550 [info] > git for-each-ref --format=%(refname)%00%(upstream:short)%00%(objectname)%00%(upstream:track)%00%(upstream:remotename)%00%(upstream:remoteref) refs/heads/main refs/remotes/main [67ms]
2024-01-29 14:43:50.571 [info] > git rev-parse --show-toplevel [17ms]
2024-01-29 14:43:50.581 [info] > git rev-parse --show-toplevel [6ms]
2024-01-29 14:43:50.585 [info] > git status -z -uall [5ms]
2024-01-29 14:43:50.593 [info] > git rev-parse --show-toplevel [9ms]
2024-01-29 14:43:50.598 [info] > git rev-parse --show-toplevel [2ms]
2024-01-29 14:43:50.974 [info] > git check-ignore -v -z --stdin [1ms]
2024-01-29 14:43:52.150 [info] > git check-ignore -v -z --stdin [3ms]
2024-01-29 14:43:52.965 [info] > git config --get commit.template [4ms]
2024-01-29 14:43:52.966 [info] > git for-each-ref --format=%(refname)%00%(upstream:short)%00%(objectname)%00%(upstream:track)%00%(upstream:remotename)%00%(upstream:remoteref) refs/heads/main refs/remotes/main [2ms]
2024-01-29 14:43:52.973 [info] > git status -z -uall [3ms]
2024-01-29 14:43:57.986 [info] > git config --get commit.template [4ms]
2024-01-29 14:43:57.987 [info] > git for-each-ref --format=%(refname)%00%(upstream:short)%00%(objectname)%00%(upstream:track)%00%(upstream:remotename)%00%(upstream:remoteref) refs/heads/main refs/remotes/main [2ms]
2024-01-29 14:43:57.993 [info] > git status -z -uall [3ms]
2024-01-29 14:43:59.092 [info] > git show --textconv :README.md [5ms]
2024-01-29 14:43:59.157 [info] > git ls-files --stage -- /root/example2/README.md [66ms]
2024-01-29 14:43:59.164 [info] > git cat-file -s 7db80e4ca1bf849701dce58a63f09a102cb9f931 [3ms]
2024-01-29 14:44:01.510 [info] > git show --textconv :Rails_test.pem [3ms]
2024-01-29 14:44:01.511 [info] > git ls-files --stage -- /root/example2/Rails_test.pem [1ms]
2024-01-29 14:44:01.514 [info] > git cat-file -s 07ed9e614a9333e7ce784947c408418c3619ee8e [1ms]
2024-01-29 14:44:03.007 [info] > git config --get commit.template [4ms]
2024-01-29 14:44:03.009 [info] > git for-each-ref --format=%(refname)%00%(upstream:short)%00%(objectname)%00%(upstream:track)%00%(upstream:remotename)%00%(upstream:remoteref) refs/heads/main refs/remotes/main [3ms]
2024-01-29 14:44:03.015 [info] > git status -z -uall [3ms]
2024-01-29 14:44:03.403 [info] > git show --textconv :Rakefile [3ms]
2024-01-29 14:44:03.403 [info] > git ls-files --stage -- /root/example2/Rakefile [1ms]
2024-01-29 14:44:03.407 [info] > git cat-file -s 9a5ea7383aa83eec12490380a7391d1bb93eeb96 [2ms]
2024-01-29 14:44:05.075 [info] > git show --textconv :.dockerignore [4ms]
2024-01-29 14:44:05.076 [info] > git ls-files --stage -- /root/example2/.dockerignore [2ms]
2024-01-29 14:44:05.079 [info] > git cat-file -s e1ff3ec8149393e26f0ce2d5174435883554cbcf [1ms]
2024-01-29 14:44:08.031 [info] > git config --get commit.template [5ms]
2024-01-29 14:44:08.032 [info] > git for-each-ref --format=%(refname)%00%(upstream:short)%00%(objectname)%00%(upstream:track)%00%(upstream:remotename)%00%(upstream:remoteref) refs/heads/main refs/remotes/main [1ms]
2024-01-29 14:44:08.039 [info] > git status -z -uall [3ms]
2024-01-29 14:44:12.287 [info] > git merge-base refs/heads/main refs/remotes/origin/main [2ms]
2024-01-29 14:44:12.294 [info] > git rev-list --count --left-right refs/heads/main...refs/remotes/origin/main [2ms]
2024-01-29 14:44:12.783 [info] > git check-ignore -v -z --stdin [2ms]
2024-01-29 14:44:13.053 [info] > git config --get commit.template [4ms]
2024-01-29 14:44:13.054 [info] > git for-each-ref --format=%(refname)%00%(upstream:short)%00%(objectname)%00%(upstream:track)%00%(upstream:remotename)%00%(upstream:remoteref) refs/heads/main refs/remotes/main [2ms]
2024-01-29 14:44:13.062 [info] > git status -z -uall [4ms]
2024-01-29 14:44:18.078 [info] > git config --get commit.template [8ms]
2024-01-29 14:44:18.078 [info] > git for-each-ref --format=%(refname)%00%(upstream:short)%00%(objectname)%00%(upstream:track)%00%(upstream:remotename)%00%(upstream:remoteref) refs/heads/main refs/remotes/main [5ms]
2024-01-29 14:44:18.092 [info] > git status -z -uall [3ms]
2024-01-29 14:44:20.533 [info] > git check-ignore -v -z --stdin [2ms]
2024-01-29 14:44:23.106 [info] > git config --get commit.template [4ms]
2024-01-29 14:44:23.107 [info] > git for-each-ref --format=%(refname)%00%(upstream:short)%00%(objectname)%00%(upstream:track)%00%(upstream:remotename)%00%(upstream:remoteref) refs/heads/main refs/remotes/main [2ms]
2024-01-29 14:44:23.121 [info] > git status -z -uall [3ms]
2024-01-29 14:44:28.135 [info] > git config --get commit.template [4ms]
2024-01-29 14:44:28.136 [info] > git for-each-ref --format=%(refname)%00%(upstream:short)%00%(objectname)%00%(upstream:track)%00%(upstream:remotename)%00%(upstream:remoteref) refs/heads/main refs/remotes/main [2ms]
2024-01-29 14:44:28.142 [info] > git status -z -uall [2ms]
2024-01-29 14:44:33.161 [info] > git config --get commit.template [5ms]
2024-01-29 14:44:33.162 [info] > git for-each-ref --format=%(refname)%00%(upstream:short)%00%(objectname)%00%(upstream:track)%00%(upstream:remotename)%00%(upstream:remoteref) refs/heads/main refs/remotes/main [2ms]
2024-01-29 14:44:33.177 [info] > git status -z -uall [3ms]
2024-01-29 14:44:38.192 [info] > git config --get commit.template [4ms]
2024-01-29 14:44:38.193 [info] > git for-each-ref --format=%(refname)%00%(upstream:short)%00%(objectname)%00%(upstream:track)%00%(upstream:remotename)%00%(upstream:remoteref) refs/heads/main refs/remotes/main [1ms]
2024-01-29 14:44:38.199 [info] > git status -z -uall [3ms]
2024-01-29 14:44:43.065 [info] > git show --textconv HEAD:Dockerfile [19ms]
2024-01-29 14:44:43.065 [info] > git show --textconv :Dockerfile [12ms]
2024-01-29 14:44:43.065 [info] > git ls-tree -l HEAD -- /root/example2/Dockerfile [7ms]
2024-01-29 14:44:43.067 [info] > git ls-files --stage -- /root/example2/Dockerfile [3ms]
2024-01-29 14:44:43.075 [info] > git cat-file -s 406772a6cc097798ea9b29fe36f49dccbbfc92c0 [2ms]
2024-01-29 14:44:43.214 [info] > git config --get commit.template [5ms]
2024-01-29 14:44:43.215 [info] > git for-each-ref --format=%(refname)%00%(upstream:short)%00%(objectname)%00%(upstream:track)%00%(upstream:remotename)%00%(upstream:remoteref) refs/heads/main refs/remotes/main [2ms]
2024-01-29 14:44:43.222 [info] > git status -z -uall [3ms]
2024-01-29 14:44:43.580 [info] > git check-ignore -v -z --stdin [2ms]
2024-01-29 14:44:48.237 [info] > git config --get commit.template [4ms]
2024-01-29 14:44:48.238 [info] > git for-each-ref --format=%(refname)%00%(upstream:short)%00%(objectname)%00%(upstream:track)%00%(upstream:remotename)%00%(upstream:remoteref) refs/heads/main refs/remotes/main [2ms]
2024-01-29 14:44:48.245 [info] > git status -z -uall [3ms]
2024-01-29 14:44:53.257 [info] > git config --get commit.template [4ms]
2024-01-29 14:44:53.259 [info] > git for-each-ref --format=%(refname)%00%(upstream:short)%00%(objectname)%00%(upstream:track)%00%(upstream:remotename)%00%(upstream:remoteref) refs/heads/main refs/remotes/main [2ms]
2024-01-29 14:44:53.265 [info] > git status -z -uall [3ms]
2024-01-29 14:44:54.303 [info] > git -c user.useConfigOnly=true commit --quiet [3ms]
2024-01-29 14:44:54.303 [info] Author identity unknown

*** Please tell me who you are.

Run

  git config --global user.email "you@example.com"
  git config --global user.name "Your Name"

to set your account's default identity.
Omit --global to set the identity only in this repository.

fatal: no email was given and auto-detection is disabled
2024-01-29 14:44:54.312 [info] > git config --get-all user.name [2ms]
2024-01-29 14:44:54.327 [info] > git config --get commit.template [7ms]
2024-01-29 14:44:54.328 [info] > git for-each-ref --format=%(refname)%00%(upstream:short)%00%(objectname)%00%(upstream:track)%00%(upstream:remotename)%00%(upstream:remoteref) refs/heads/main refs/remotes/main [3ms]
2024-01-29 14:44:54.337 [info] > git status -z -uall [4ms]
2024-01-29 14:44:58.301 [info] > git config --get commit.template [9ms]
2024-01-29 14:44:58.302 [info] > git ls-tree -l HEAD -- /root/example2/Dockerfile [15ms]
2024-01-29 14:44:58.303 [info] > git ls-files --stage -- /root/example2/Dockerfile [4ms]
2024-01-29 14:44:58.315 [info] > git cat-file -s 406772a6cc097798ea9b29fe36f49dccbbfc92c0 [7ms]
2024-01-29 14:44:58.316 [info] > git for-each-ref --format=%(refname)%00%(upstream:short)%00%(objectname)%00%(upstream:track)%00%(upstream:remotename)%00%(upstream:remoteref) refs/heads/main refs/remotes/main [2ms]
2024-01-29 14:44:58.324 [info] > git status -z -uall [3ms]
2024-01-29 14:44:58.355 [info] > git ls-files --stage -- /root/example2/Dockerfile [1ms]
2024-01-29 14:44:58.357 [info] > git ls-tree -l HEAD -- /root/example2/Dockerfile [8ms]
2024-01-29 14:44:58.367 [info] > git show --textconv HEAD:Dockerfile [5ms]
2024-01-29 14:44:58.367 [info] > git show --textconv :Dockerfile [2ms]
2024-01-29 14:44:58.368 [info] > git cat-file -s 406772a6cc097798ea9b29fe36f49dccbbfc92c0 [11ms]
2024-01-29 14:44:58.375 [info] > git show --textconv HEAD:Dockerfile [2ms]
2024-01-29 14:44:58.396 [info] > git show --textconv :Dockerfile [2ms]
2024-01-29 14:45:03.336 [info] > git config --get commit.template [3ms]
2024-01-29 14:45:03.337 [info] > git for-each-ref --format=%(refname)%00%(upstream:short)%00%(objectname)%00%(upstream:track)%00%(upstream:remotename)%00%(upstream:remoteref) refs/heads/main refs/remotes/main [1ms]
2024-01-29 14:45:03.343 [info] > git status -z -uall [3ms]
2024-01-29 14:45:08.858 [info] > git config --get commit.template [5ms]
2024-01-29 14:45:08.859 [info] > git for-each-ref --format=%(refname)%00%(upstream:short)%00%(objectname)%00%(upstream:track)%00%(upstream:remotename)%00%(upstream:remoteref) refs/heads/main refs/remotes/main [1ms]
2024-01-29 14:45:08.865 [info] > git status -z -uall [3ms]
2024-01-29 14:45:15.694 [info] > git config --get commit.template [3ms]
2024-01-29 14:45:15.695 [info] > git for-each-ref --format=%(refname)%00%(upstream:short)%00%(objectname)%00%(upstream:track)%00%(upstream:remotename)%00%(upstream:remoteref) refs/heads/main refs/remotes/main [2ms]
2024-01-29 14:45:15.701 [info] > git status -z -uall [3ms]
2024-01-29 14:47:06.356 [info] > git ls-tree -l HEAD -- /root/example2/Dockerfile [10ms]
2024-01-29 14:47:06.357 [info] > git config --get commit.template [3ms]
2024-01-29 14:47:06.358 [info] > git ls-files --stage -- /root/example2/Dockerfile [9ms]
2024-01-29 14:47:06.372 [info] > git cat-file -s 406772a6cc097798ea9b29fe36f49dccbbfc92c0 [9ms]
2024-01-29 14:47:06.375 [info] > git for-each-ref --format=%(refname)%00%(upstream:short)%00%(objectname)%00%(upstream:track)%00%(upstream:remotename)%00%(upstream:remoteref) refs/heads/main refs/remotes/main [4ms]
2024-01-29 14:47:06.387 [info] > git status -z -uall [4ms]
2024-01-29 14:47:11.403 [info] > git config --get commit.template [4ms]
2024-01-29 14:47:11.404 [info] > git for-each-ref --format=%(refname)%00%(upstream:short)%00%(objectname)%00%(upstream:track)%00%(upstream:remotename)%00%(upstream:remoteref) refs/heads/main refs/remotes/main [1ms]
2024-01-29 14:47:11.410 [info] > git status -z -uall [3ms]
2024-01-29 14:47:12.441 [info] > git show --textconv :Dockerfile [4ms]
2024-01-29 14:47:12.442 [info] > git ls-files --stage -- /root/example2/Dockerfile [1ms]
2024-01-29 14:47:12.445 [info] > git cat-file -s 406772a6cc097798ea9b29fe36f49dccbbfc92c0 [1ms]
2024-01-29 14:47:16.422 [info] > git config --get commit.template [4ms]
2024-01-29 14:47:16.423 [info] > git for-each-ref --format=%(refname)%00%(upstream:short)%00%(objectname)%00%(upstream:track)%00%(upstream:remotename)%00%(upstream:remoteref) refs/heads/main refs/remotes/main [1ms]
2024-01-29 14:47:16.429 [info] > git status -z -uall [3ms]
2024-01-29 14:47:21.441 [info] > git config --get commit.template [3ms]
2024-01-29 14:47:21.442 [info] > git for-each-ref --format=%(refname)%00%(upstream:short)%00%(objectname)%00%(upstream:track)%00%(upstream:remotename)%00%(upstream:remoteref) refs/heads/main refs/remotes/main [1ms]
2024-01-29 14:47:21.448 [info] > git status -z -uall [3ms]
2024-01-29 14:47:26.461 [info] > git config --get commit.template [3ms]
2024-01-29 14:47:26.462 [info] > git for-each-ref --format=%(refname)%00%(upstream:short)%00%(objectname)%00%(upstream:track)%00%(upstream:remotename)%00%(upstream:remoteref) refs/heads/main refs/remotes/main [2ms]
2024-01-29 14:47:26.468 [info] > git status -z -uall [3ms]
2024-01-29 14:47:31.481 [info] > git config --get commit.template [4ms]
2024-01-29 14:47:31.482 [info] > git for-each-ref --format=%(refname)%00%(upstream:short)%00%(objectname)%00%(upstream:track)%00%(upstream:remotename)%00%(upstream:remoteref) refs/heads/main refs/remotes/main [1ms]
2024-01-29 14:47:31.489 [info] > git status -z -uall [2ms]
2024-01-29 14:47:36.501 [info] > git config --get commit.template [5ms]
2024-01-29 14:47:36.502 [info] > git for-each-ref --format=%(refname)%00%(upstream:short)%00%(objectname)%00%(upstream:track)%00%(upstream:remotename)%00%(upstream:remoteref) refs/heads/main refs/remotes/main [2ms]
2024-01-29 14:47:36.508 [info] > git status -z -uall [3ms]
2024-01-29 14:47:41.523 [info] > git config --get commit.template [4ms]
2024-01-29 14:47:41.524 [info] > git for-each-ref --format=%(refname)%00%(upstream:short)%00%(objectname)%00%(upstream:track)%00%(upstream:remotename)%00%(upstream:remoteref) refs/heads/main refs/remotes/main [2ms]
2024-01-29 14:47:41.531 [info] > git status -z -uall [3ms]
2024-01-29 14:47:46.543 [info] > git config --get commit.template [3ms]
2024-01-29 14:47:46.544 [info] > git for-each-ref --format=%(refname)%00%(upstream:short)%00%(objectname)%00%(upstream:track)%00%(upstream:remotename)%00%(upstream:remoteref) refs/heads/main refs/remotes/main [1ms]
2024-01-29 14:47:46.550 [info] > git status -z -uall [2ms]
2024-01-29 14:47:51.560 [info] > git config --get commit.template [4ms]
2024-01-29 14:47:51.560 [info] > git for-each-ref --format=%(refname)%00%(upstream:short)%00%(objectname)%00%(upstream:track)%00%(upstream:remotename)%00%(upstream:remoteref) refs/heads/main refs/remotes/main [1ms]
2024-01-29 14:47:51.566 [info] > git status -z -uall [3ms]
2024-01-29 14:47:54.828 [info] > git check-ignore -v -z --stdin [2ms]
2024-01-29 14:47:56.578 [info] > git config --get commit.template [4ms]
2024-01-29 14:47:56.579 [info] > git for-each-ref --format=%(refname)%00%(upstream:short)%00%(objectname)%00%(upstream:track)%00%(upstream:remotename)%00%(upstream:remoteref) refs/heads/main refs/remotes/main [2ms]
2024-01-29 14:47:56.585 [info] > git status -z -uall [3ms]
2024-01-29 14:48:01.598 [info] > git config --get commit.template [4ms]
2024-01-29 14:48:01.599 [info] > git for-each-ref --format=%(refname)%00%(upstream:short)%00%(objectname)%00%(upstream:track)%00%(upstream:remotename)%00%(upstream:remoteref) refs/heads/main refs/remotes/main [1ms]
2024-01-29 14:48:01.605 [info] > git status -z -uall [3ms]
2024-01-29 14:48:04.852 [info] > git show --textconv :Rails_test.pem [3ms]
2024-01-29 14:48:04.853 [info] > git ls-files --stage -- /root/example2/Rails_test.pem [2ms]
2024-01-29 14:48:04.856 [info] > git cat-file -s 07ed9e614a9333e7ce784947c408418c3619ee8e [1ms]
2024-01-29 14:48:06.618 [info] > git config --get commit.template [3ms]
2024-01-29 14:48:06.619 [info] > git for-each-ref --format=%(refname)%00%(upstream:short)%00%(objectname)%00%(upstream:track)%00%(upstream:remotename)%00%(upstream:remoteref) refs/heads/main refs/remotes/main [2ms]
2024-01-29 14:48:06.624 [info] > git status -z -uall [2ms]
2024-01-29 14:48:08.432 [info] > git show --textconv :config/environments/production.rb [3ms]
2024-01-29 14:48:08.433 [info] > git ls-files --stage -- /root/example2/config/environments/production.rb [1ms]
2024-01-29 14:48:08.436 [info] > git cat-file -s 766e72e9658cc19500e6b6a0723378a85497d877 [1ms]
2024-01-29 14:48:08.717 [info] > git check-ignore -v -z --stdin [2ms]
2024-01-29 14:48:11.636 [info] > git config --get commit.template [3ms]
2024-01-29 14:48:11.637 [info] > git for-each-ref --format=%(refname)%00%(upstream:short)%00%(objectname)%00%(upstream:track)%00%(upstream:remotename)%00%(upstream:remoteref) refs/heads/main refs/remotes/main [1ms]
2024-01-29 14:48:11.642 [info] > git status -z -uall [2ms]
2024-01-29 14:48:17.705 [info] > git config --get commit.template [4ms]
2024-01-29 14:48:17.707 [info] > git for-each-ref --format=%(refname)%00%(upstream:short)%00%(objectname)%00%(upstream:track)%00%(upstream:remotename)%00%(upstream:remoteref) refs/heads/main refs/remotes/main [1ms]
2024-01-29 14:48:17.712 [info] > git status -z -uall [2ms]
2024-01-29 14:48:24.894 [info] > git config --get commit.template [4ms]
2024-01-29 14:48:24.895 [info] > git for-each-ref --format=%(refname)%00%(upstream:short)%00%(objectname)%00%(upstream:track)%00%(upstream:remotename)%00%(upstream:remoteref) refs/heads/main refs/remotes/main [1ms]
2024-01-29 14:48:24.902 [info] > git status -z -uall [3ms]
2024-01-29 14:48:26.979 [info] > git -c user.useConfigOnly=true commit --quiet [4ms]
2024-01-29 14:48:26.979 [info] Author identity unknown

*** Please tell me who you are.

Run

  git config --global user.email "you@example.com"
  git config --global user.name "Your Name"

to set your account's default identity.
Omit --global to set the identity only in this repository.

fatal: no email was given and auto-detection is disabled
2024-01-29 14:48:26.987 [info] > git config --get-all user.name [2ms]
2024-01-29 14:48:26.999 [info] > git config --get commit.template [6ms]
2024-01-29 14:48:27.000 [info] > git for-each-ref --format=%(refname)%00%(upstream:short)%00%(objectname)%00%(upstream:track)%00%(upstream:remotename)%00%(upstream:remoteref) refs/heads/main refs/remotes/main [2ms]
2024-01-29 14:48:27.011 [info] > git status -z -uall [5ms]
2024-01-29 14:48:34.807 [info] > git config --get commit.template [7ms]
2024-01-29 14:48:34.808 [info] > git for-each-ref --format=%(refname)%00%(upstream:short)%00%(objectname)%00%(upstream:track)%00%(upstream:remotename)%00%(upstream:remoteref) refs/heads/main refs/remotes/main [2ms]
2024-01-29 14:48:34.822 [info] > git status -z -uall [6ms]
2024-01-29 14:48:39.838 [info] > git config --get commit.template [4ms]
2024-01-29 14:48:39.839 [info] > git for-each-ref --format=%(refname)%00%(upstream:short)%00%(objectname)%00%(upstream:track)%00%(upstream:remotename)%00%(upstream:remoteref) refs/heads/main refs/remotes/main [2ms]
2024-01-29 14:48:39.846 [info] > git status -z -uall [3ms]
2024-01-29 14:48:44.858 [info] > git config --get commit.template [3ms]
2024-01-29 14:48:44.859 [info] > git for-each-ref --format=%(refname)%00%(upstream:short)%00%(objectname)%00%(upstream:track)%00%(upstream:remotename)%00%(upstream:remoteref) refs/heads/main refs/remotes/main [2ms]
2024-01-29 14:48:44.866 [info] > git status -z -uall [3ms]
2024-01-29 14:51:56.681 [info] > git config --get commit.template [8ms]
2024-01-29 14:51:56.682 [info] > git for-each-ref --format=%(refname)%00%(upstream:short)%00%(objectname)%00%(upstream:track)%00%(upstream:remotename)%00%(upstream:remoteref) refs/heads/main refs/remotes/main [2ms]
2024-01-29 14:51:56.696 [info] > git status -z -uall [4ms]
2024-01-29 14:52:01.714 [info] > git config --get commit.template [4ms]
2024-01-29 14:52:01.715 [info] > git for-each-ref --format=%(refname)%00%(upstream:short)%00%(objectname)%00%(upstream:track)%00%(upstream:remotename)%00%(upstream:remoteref) refs/heads/main refs/remotes/main [2ms]
2024-01-29 14:52:01.722 [info] > git status -z -uall [3ms]
2024-01-29 14:52:04.378 [info] > git -c user.useConfigOnly=true commit --quiet [2ms]
2024-01-29 14:52:04.378 [info] Author identity unknown

*** Please tell me who you are.

Run

  git config --global user.email "you@example.com"
  git config --global user.name "Your Name"

to set your account's default identity.
Omit --global to set the identity only in this repository.

fatal: no email was given and auto-detection is disabled
2024-01-29 14:52:04.382 [info] > git config --get-all user.name [1ms]
2024-01-29 14:52:04.391 [info] > git config --get commit.template [5ms]
2024-01-29 14:52:04.392 [info] > git for-each-ref --format=%(refname)%00%(upstream:short)%00%(objectname)%00%(upstream:track)%00%(upstream:remotename)%00%(upstream:remoteref) refs/heads/main refs/remotes/main [2ms]
2024-01-29 14:52:04.398 [info] > git status -z -uall [2ms]
2024-01-29 14:52:08.664 [info] > git config --get commit.template [1ms]
2024-01-29 14:52:08.670 [info] > git for-each-ref --format=%(refname)%00%(upstream:short)%00%(objectname)%00%(upstream:track)%00%(upstream:remotename)%00%(upstream:remoteref) refs/heads/main refs/remotes/main [2ms]
2024-01-29 14:52:08.678 [info] > git status -z -uall [3ms]
2024-01-29 14:52:11.040 [info] > git config --get commit.template [4ms]
2024-01-29 14:52:11.041 [info] > git for-each-ref --format=%(refname)%00%(upstream:short)%00%(objectname)%00%(upstream:track)%00%(upstream:remotename)%00%(upstream:remoteref) refs/heads/main refs/remotes/main [1ms]
2024-01-29 14:52:11.047 [info] > git status -z -uall [3ms]
2024-01-29 14:52:11.078 [info] > git merge-base refs/heads/main refs/remotes/origin/main [1ms]
2024-01-29 14:52:11.083 [info] > git rev-list --count --left-right refs/heads/main...refs/remotes/origin/main [2ms]
2024-01-29 14:52:13.748 [info] > git check-ignore -v -z --stdin [2ms]
2024-01-29 14:52:14.494 [info] > git config --get commit.template [4ms]
2024-01-29 14:52:14.496 [info] > git for-each-ref --format=%(refname)%00%(upstream:short)%00%(objectname)%00%(upstream:track)%00%(upstream:remotename)%00%(upstream:remoteref) refs/heads/main refs/remotes/main [2ms]
2024-01-29 14:52:14.503 [info] > git status -z -uall [3ms]
2024-01-29 14:52:17.538 [info] > git check-ignore -v -z --stdin [1ms]
2024-01-29 14:52:19.058 [info] > git check-ignore -v -z --stdin [2ms]
2024-01-29 14:52:19.517 [info] > git config --get commit.template [4ms]
2024-01-29 14:52:19.519 [info] > git for-each-ref --format=%(refname)%00%(upstream:short)%00%(objectname)%00%(upstream:track)%00%(upstream:remotename)%00%(upstream:remoteref) refs/heads/main refs/remotes/main [2ms]
2024-01-29 14:52:19.526 [info] > git status -z -uall [2ms]
2024-01-29 14:52:21.446 [info] > git -c user.useConfigOnly=true commit --quiet [3ms]
2024-01-29 14:52:21.446 [info] Author identity unknown

*** Please tell me who you are.

Run

  git config --global user.email "you@example.com"
  git config --global user.name "Your Name"

to set your account's default identity.
Omit --global to set the identity only in this repository.

fatal: no email was given and auto-detection is disabled
2024-01-29 14:52:21.451 [info] > git config --get-all user.name [2ms]
2024-01-29 14:52:21.459 [info] > git config --get commit.template [4ms]
2024-01-29 14:52:21.460 [info] > git for-each-ref --format=%(refname)%00%(upstream:short)%00%(objectname)%00%(upstream:track)%00%(upstream:remotename)%00%(upstream:remoteref) refs/heads/main refs/remotes/main [2ms]
2024-01-29 14:52:21.466 [info] > git status -z -uall [3ms]
2024-01-29 14:52:24.538 [info] > git config --get commit.template [4ms]
2024-01-29 14:52:24.539 [info] > git for-each-ref --format=%(refname)%00%(upstream:short)%00%(objectname)%00%(upstream:track)%00%(upstream:remotename)%00%(upstream:remoteref) refs/heads/main refs/remotes/main [2ms]
2024-01-29 14:52:24.548 [info] > git status -z -uall [4ms]
2024-01-29 14:52:29.562 [info] > git config --get commit.template [3ms]
2024-01-29 14:52:29.563 [info] > git for-each-ref --format=%(refname)%00%(upstream:short)%00%(objectname)%00%(upstream:track)%00%(upstream:remotename)%00%(upstream:remoteref) refs/heads/main refs/remotes/main [1ms]
2024-01-29 14:52:29.570 [info] > git status -z -uall [3ms]
2024-01-29 14:52:35.009 [info] > git config --get commit.template [4ms]
2024-01-29 14:52:35.009 [info] > git for-each-ref --format=%(refname)%00%(upstream:short)%00%(objectname)%00%(upstream:track)%00%(upstream:remotename)%00%(upstream:remoteref) refs/heads/main refs/remotes/main [1ms]
2024-01-29 14:52:35.015 [info] > git status -z -uall [2ms]
2024-01-29 14:52:46.528 [info] > git config --get commit.template [4ms]
2024-01-29 14:52:46.529 [info] > git for-each-ref --format=%(refname)%00%(upstream:short)%00%(objectname)%00%(upstream:track)%00%(upstream:remotename)%00%(upstream:remoteref) refs/heads/main refs/remotes/main [2ms]
2024-01-29 14:52:46.535 [info] > git status -z -uall [2ms]
2024-01-29 14:52:51.548 [info] > git config --get commit.template [4ms]
2024-01-29 14:52:51.549 [info] > git for-each-ref --format=%(refname)%00%(upstream:short)%00%(objectname)%00%(upstream:track)%00%(upstream:remotename)%00%(upstream:remoteref) refs/heads/main refs/remotes/main [2ms]
2024-01-29 14:52:51.555 [info] > git status -z -uall [3ms]
2024-01-29 14:53:17.911 [info] > git config --get commit.template [4ms]
2024-01-29 14:53:17.912 [info] > git for-each-ref --format=%(refname)%00%(upstream:short)%00%(objectname)%00%(upstream:track)%00%(upstream:remotename)%00%(upstream:remoteref) refs/heads/main refs/remotes/main [2ms]
2024-01-29 14:53:17.918 [info] > git status -z -uall [3ms]
2024-01-29 14:53:24.740 [info] > git ls-files --stage -- /root/example2/config/environments/production.rb [2ms]
2024-01-29 14:53:24.744 [info] > git cat-file -s 766e72e9658cc19500e6b6a0723378a85497d877 [2ms]
2024-01-29 14:53:24.749 [info] > git show --textconv :config/environments/production.rb [2ms]
2024-01-29 14:53:25.745 [info] > git config --get commit.template [4ms]
2024-01-29 14:53:25.746 [info] > git for-each-ref --format=%(refname)%00%(upstream:short)%00%(objectname)%00%(upstream:track)%00%(upstream:remotename)%00%(upstream:remoteref) refs/heads/main refs/remotes/main [2ms]
2024-01-29 14:53:25.752 [info] > git status -z -uall [3ms]
2024-01-29 14:53:32.204 [info] > git check-ignore -v -z --stdin [2ms]
2024-01-29 14:53:38.415 [info] > git config --get commit.template [3ms]
2024-01-29 14:53:38.416 [info] > git for-each-ref --format=%(refname)%00%(upstream:short)%00%(objectname)%00%(upstream:track)%00%(upstream:remotename)%00%(upstream:remoteref) refs/heads/main refs/remotes/main [2ms]
2024-01-29 14:53:38.424 [info] > git status -z -uall [4ms]
2024-01-29 14:53:48.347 [info] > git config --get commit.template [4ms]
2024-01-29 14:53:48.348 [info] > git for-each-ref --format=%(refname)%00%(upstream:short)%00%(objectname)%00%(upstream:track)%00%(upstream:remotename)%00%(upstream:remoteref) refs/heads/main refs/remotes/main [2ms]
2024-01-29 14:53:48.356 [info] > git status -z -uall [4ms]
2024-01-29 14:53:53.369 [info] > git config --get commit.template [4ms]
2024-01-29 14:53:53.370 [info] > git for-each-ref --format=%(refname)%00%(upstream:short)%00%(objectname)%00%(upstream:track)%00%(upstream:remotename)%00%(upstream:remoteref) refs/heads/main refs/remotes/main [2ms]
2024-01-29 14:53:53.385 [info] > git status -z -uall [4ms]
2024-01-29 14:56:49.814 [info] > git config --get commit.template [6ms]
2024-01-29 14:56:49.815 [info] > git for-each-ref --format=%(refname)%00%(upstream:short)%00%(objectname)%00%(upstream:track)%00%(upstream:remotename)%00%(upstream:remoteref) refs/heads/main refs/remotes/main [3ms]
2024-01-29 14:56:49.824 [info] > git status -z -uall [5ms]
2024-01-29 14:56:54.839 [info] > git config --get commit.template [4ms]
2024-01-29 14:56:54.840 [info] > git for-each-ref --format=%(refname)%00%(upstream:short)%00%(objectname)%00%(upstream:track)%00%(upstream:remotename)%00%(upstream:remoteref) refs/heads/main refs/remotes/main [1ms]
2024-01-29 14:56:54.850 [info] > git status -z -uall [4ms]
2024-01-29 14:57:06.841 [info] > git config --get commit.template [4ms]
2024-01-29 14:57:06.842 [info] > git for-each-ref --format=%(refname)%00%(upstream:short)%00%(objectname)%00%(upstream:track)%00%(upstream:remotename)%00%(upstream:remoteref) refs/heads/main refs/remotes/main [1ms]
2024-01-29 14:57:06.849 [info] > git status -z -uall [3ms]
2024-01-29 14:57:19.019 [info] > git config --get commit.template [8ms]
2024-01-29 14:57:19.020 [info] > git for-each-ref --format=%(refname)%00%(upstream:short)%00%(objectname)%00%(upstream:track)%00%(upstream:remotename)%00%(upstream:remoteref) refs/heads/main refs/remotes/main [6ms]
2024-01-29 14:57:19.025 [info] > git status -z -uall [2ms]
2024-01-29 14:57:30.033 [info] > git config --get commit.template [4ms]
2024-01-29 14:57:30.034 [info] > git for-each-ref --format=%(refname)%00%(upstream:short)%00%(objectname)%00%(upstream:track)%00%(upstream:remotename)%00%(upstream:remoteref) refs/heads/main refs/remotes/main [2ms]
2024-01-29 14:57:30.044 [info] > git status -z -uall [6ms]
2024-01-29 14:57:41.722 [info] > git config --get commit.template [4ms]
2024-01-29 14:57:41.723 [info] > git for-each-ref --format=%(refname)%00%(upstream:short)%00%(objectname)%00%(upstream:track)%00%(upstream:remotename)%00%(upstream:remoteref) refs/heads/main refs/remotes/main [2ms]
2024-01-29 14:57:41.730 [info] > git status -z -uall [4ms]
2024-01-29 14:57:45.171 [info] > git show --textconv :.git/COMMIT_EDITMSG [3ms]
2024-01-29 14:57:45.172 [info] > git ls-files --stage -- /root/example2/.git/COMMIT_EDITMSG [1ms]
2024-01-29 14:57:45.474 [info] > git check-ignore -v -z --stdin [2ms]
2024-01-29 14:57:45.983 [info] > git ls-files --stage -- /root/example2/.git/COMMIT_EDITMSG [2ms]
2024-01-29 14:57:45.989 [info] > git show --textconv :.git/COMMIT_EDITMSG [1ms]
2024-01-29 15:01:10.517 [info] > git ls-files --stage -- /root/example2/.git/COMMIT_EDITMSG [2ms]
2024-01-29 15:01:10.523 [info] > git show --textconv :.git/COMMIT_EDITMSG [1ms]
2024-01-29 15:01:13.440 [info] > git ls-files --stage -- /root/example2/.git/COMMIT_EDITMSG [2ms]
2024-01-29 15:01:13.445 [info] > git show --textconv :.git/COMMIT_EDITMSG [2ms]
2024-01-29 15:01:14.751 [info] > git ls-files --stage -- /root/example2/.git/COMMIT_EDITMSG [1ms]
2024-01-29 15:01:14.757 [info] > git show --textconv :.git/COMMIT_EDITMSG [2ms]
2024-01-29 15:01:17.004 [info] > git ls-files --stage -- /root/example2/.git/COMMIT_EDITMSG [2ms]
2024-01-29 15:01:17.011 [info] > git show --textconv :.git/COMMIT_EDITMSG [2ms]
2024-01-29 15:01:21.549 [info] > git ls-files --stage -- /root/example2/.git/COMMIT_EDITMSG [2ms]
2024-01-29 15:01:21.555 [info] > git show --textconv :.git/COMMIT_EDITMSG [2ms]
2024-01-29 15:01:24.119 [info] > git ls-files --stage -- /root/example2/.git/COMMIT_EDITMSG [1ms]
2024-01-29 15:01:24.125 [info] > git show --textconv :.git/COMMIT_EDITMSG [2ms]
2024-01-29 15:04:31.109 [info] > git check-ignore -v -z --stdin [1ms]
2024-01-29 15:04:37.941 [info] > git -c user.useConfigOnly=true commit --quiet [413171ms]
2024-01-29 15:04:37.942 [info] Aborting commit due to empty commit message.
2024-01-29 15:04:37.950 [info] > git config --get commit.template [4ms]
2024-01-29 15:04:37.951 [info] > git for-each-ref --format=%(refname)%00%(upstream:short)%00%(objectname)%00%(upstream:track)%00%(upstream:remotename)%00%(upstream:remoteref) refs/heads/main refs/remotes/main [1ms]
2024-01-29 15:04:37.961 [info] > git status -z -uall [3ms]
2024-01-29 15:04:38.324 [info] > git show --textconv :config/environments/production.rb [3ms]
2024-01-29 15:04:38.325 [info] > git ls-files --stage -- /root/example2/config/environments/production.rb [2ms]
2024-01-29 15:04:38.329 [info] > git cat-file -s 766e72e9658cc19500e6b6a0723378a85497d877 [1ms]
2024-01-29 15:04:39.558 [info] > git config --get commit.template [4ms]
2024-01-29 15:04:39.558 [info] > git for-each-ref --format=%(refname)%00%(upstream:short)%00%(objectname)%00%(upstream:track)%00%(upstream:remotename)%00%(upstream:remoteref) refs/heads/main refs/remotes/main [1ms]
2024-01-29 15:04:39.565 [info] > git status -z -uall [3ms]
2024-01-29 15:04:48.398 [info] > git config --get commit.template [4ms]
2024-01-29 15:04:48.399 [info] > git for-each-ref --format=%(refname)%00%(upstream:short)%00%(objectname)%00%(upstream:track)%00%(upstream:remotename)%00%(upstream:remoteref) refs/heads/main refs/remotes/main [2ms]
2024-01-29 15:04:48.405 [info] > git status -z -uall [3ms]
2024-01-29 15:08:17.140 [info] > git config --get commit.template [9ms]
2024-01-29 15:08:17.141 [info] > git for-each-ref --format=%(refname)%00%(upstream:short)%00%(objectname)%00%(upstream:track)%00%(upstream:remotename)%00%(upstream:remoteref) refs/heads/main refs/remotes/main [2ms]
2024-01-29 15:08:17.153 [info] > git status -z -uall [7ms]
2024-01-29 15:09:14.092 [info] > git config --get commit.template [4ms]
2024-01-29 15:09:14.093 [info] > git for-each-ref --format=%(refname)%00%(upstream:short)%00%(objectname)%00%(upstream:track)%00%(upstream:remotename)%00%(upstream:remoteref) refs/heads/main refs/remotes/main [2ms]
2024-01-29 15:09:14.104 [info] > git status -z -uall [6ms]
2024-01-29 15:09:15.679 [info] > git show --textconv :.git/COMMIT_EDITMSG [5ms]
2024-01-29 15:09:15.680 [info] > git ls-files --stage -- /root/example2/.git/COMMIT_EDITMSG [2ms]
2024-01-29 15:09:16.517 [info] > git ls-files --stage -- /root/example2/.git/COMMIT_EDITMSG [2ms]
2024-01-29 15:09:16.524 [info] > git show --textconv :.git/COMMIT_EDITMSG [2ms]
2024-01-29 15:09:36.740 [info] > git -c user.useConfigOnly=true commit --quiet [21427ms]
2024-01-29 15:09:36.755 [info] > git config --get commit.template [6ms]
2024-01-29 15:09:36.756 [info] > git for-each-ref --format=%(refname)%00%(upstream:short)%00%(objectname)%00%(upstream:track)%00%(upstream:remotename)%00%(upstream:remoteref) refs/heads/main refs/remotes/main [2ms]
2024-01-29 15:09:36.766 [info] > git status -z -uall [4ms]
2024-01-29 15:09:36.790 [info] > git config --get commit.template [5ms]
2024-01-29 15:09:36.792 [info] > git for-each-ref --format=%(refname)%00%(upstream:short)%00%(objectname)%00%(upstream:track)%00%(upstream:remotename)%00%(upstream:remoteref) refs/heads/main refs/remotes/main [3ms]
2024-01-29 15:09:36.802 [info] > git status -z -uall [4ms]
2024-01-29 15:09:36.914 [info] > git merge-base refs/heads/main refs/remotes/origin/main [4ms]
2024-01-29 15:09:36.926 [info] > git rev-list --count --left-right refs/heads/main...refs/remotes/origin/main [3ms]
2024-01-29 15:09:37.135 [info] > git show --textconv :config/environments/production.rb [4ms]
2024-01-29 15:09:37.138 [info] > git ls-files --stage -- /root/example2/config/environments/production.rb [2ms]
2024-01-29 15:09:37.141 [info] > git cat-file -s 766e72e9658cc19500e6b6a0723378a85497d877 [1ms]
2024-01-29 15:09:37.558 [info] > git check-ignore -v -z --stdin [1ms]
2024-01-29 15:09:38.098 [info] > git ls-files --stage -- /root/example2/config/environments/production.rb [2ms]
2024-01-29 15:09:38.102 [info] > git cat-file -s 766e72e9658cc19500e6b6a0723378a85497d877 [2ms]
2024-01-29 15:09:38.107 [info] > git show --textconv :config/environments/production.rb [1ms]
2024-01-29 15:10:34.337 [info] > git push origin main:main [57558ms]
2024-01-29 15:10:34.337 [info] To github.com:manavasnani/RailsDeployment
 ! [rejected]        main -> main (fetch first)
error: failed to push some refs to 'github.com:manavasnani/RailsDeployment'
hint: Updates were rejected because the remote contains work that you do
hint: not have locally. This is usually caused by another repository pushing
hint: to the same ref. You may want to first integrate the remote changes
hint: (e.g., 'git pull ...') before pushing again.
hint: See the 'Note about fast-forwards' in 'git push --help' for details.
2024-01-29 15:10:34.349 [info] > git config --get commit.template [5ms]
2024-01-29 15:10:34.350 [info] > git for-each-ref --format=%(refname)%00%(upstream:short)%00%(objectname)%00%(upstream:track)%00%(upstream:remotename)%00%(upstream:remoteref) refs/heads/main refs/remotes/main [2ms]
2024-01-29 15:10:34.358 [info] > git status -z -uall [3ms]
2024-01-29 15:10:34.435 [info] > git config --get commit.template [5ms]
2024-01-29 15:10:34.436 [info] > git for-each-ref --format=%(refname)%00%(upstream:short)%00%(objectname)%00%(upstream:track)%00%(upstream:remotename)%00%(upstream:remoteref) refs/heads/main refs/remotes/main [2ms]
2024-01-29 15:10:34.443 [info] > git status -z -uall [3ms]
2024-01-29 15:10:45.458 [info] > git config --get commit.template [6ms]
2024-01-29 15:10:45.459 [info] > git for-each-ref --format=%(refname)%00%(upstream:short)%00%(objectname)%00%(upstream:track)%00%(upstream:remotename)%00%(upstream:remoteref) refs/heads/main refs/remotes/main [2ms]
2024-01-29 15:10:45.467 [info] > git status -z -uall [3ms]
2024-01-29 15:10:50.479 [info] > git config --get commit.template [4ms]
2024-01-29 15:10:50.480 [info] > git for-each-ref --format=%(refname)%00%(upstream:short)%00%(objectname)%00%(upstream:track)%00%(upstream:remotename)%00%(upstream:remoteref) refs/heads/main refs/remotes/main [2ms]
2024-01-29 15:10:50.488 [info] > git status -z -uall [3ms]
2024-01-29 15:11:26.224 [info] > git add -A -- . [55ms]
2024-01-29 15:11:26.646 [info] > git show --textconv :.git/COMMIT_EDITMSG [3ms]
2024-01-29 15:11:26.648 [info] > git ls-files --stage -- /root/example2/.git/COMMIT_EDITMSG [2ms]
2024-01-29 15:11:27.512 [info] > git ls-files --stage -- /root/example2/.git/COMMIT_EDITMSG [2ms]
2024-01-29 15:11:27.519 [info] > git show --textconv :.git/COMMIT_EDITMSG [2ms]
2024-01-29 15:11:38.766 [info] > git -c user.useConfigOnly=true commit --quiet [12537ms]
2024-01-29 15:11:38.776 [info] > git config --get commit.template [4ms]
2024-01-29 15:11:38.777 [info] > git for-each-ref --format=%(refname)%00%(upstream:short)%00%(objectname)%00%(upstream:track)%00%(upstream:remotename)%00%(upstream:remoteref) refs/heads/main refs/remotes/main [1ms]
2024-01-29 15:11:38.786 [info] > git status -z -uall [5ms]
2024-01-29 15:11:38.857 [info] > git config --get commit.template [5ms]
2024-01-29 15:11:38.858 [info] > git for-each-ref --format=%(refname)%00%(upstream:short)%00%(objectname)%00%(upstream:track)%00%(upstream:remotename)%00%(upstream:remoteref) refs/heads/main refs/remotes/main [1ms]
2024-01-29 15:11:38.868 [info] > git status -z -uall [4ms]
2024-01-29 15:11:38.871 [info] > git merge-base refs/heads/main refs/remotes/origin/main [3ms]
2024-01-29 15:11:38.878 [info] > git rev-list --count --left-right refs/heads/main...refs/remotes/origin/main [2ms]
2024-01-29 15:11:39.181 [info] > git show --textconv :config/environments/production.rb [4ms]
2024-01-29 15:11:39.182 [info] > git ls-files --stage -- /root/example2/config/environments/production.rb [2ms]
2024-01-29 15:11:39.187 [info] > git cat-file -s 766e72e9658cc19500e6b6a0723378a85497d877 [1ms]
2024-01-29 15:11:39.505 [info] > git check-ignore -v -z --stdin [2ms]
2024-01-29 15:11:40.114 [info] > git ls-files --stage -- /root/example2/config/environments/production.rb [1ms]
2024-01-29 15:11:40.119 [info] > git cat-file -s 766e72e9658cc19500e6b6a0723378a85497d877 [2ms]
2024-01-29 15:11:40.125 [info] > git show --textconv :config/environments/production.rb [1ms]
2024-01-29 15:11:41.118 [info] > git config --get commit.template [4ms]
2024-01-29 15:11:41.119 [info] > git for-each-ref --format=%(refname)%00%(upstream:short)%00%(objectname)%00%(upstream:track)%00%(upstream:remotename)%00%(upstream:remoteref) refs/heads/main refs/remotes/main [2ms]
2024-01-29 15:11:41.128 [info] > git status -z -uall [4ms]
2024-01-29 15:11:48.431 [info] > git config --get commit.template [3ms]
2024-01-29 15:11:48.432 [info] > git for-each-ref --format=%(refname)%00%(upstream:short)%00%(objectname)%00%(upstream:track)%00%(upstream:remotename)%00%(upstream:remoteref) refs/heads/main refs/remotes/main [1ms]
2024-01-29 15:11:48.439 [info] > git status -z -uall [4ms]
2024-01-29 15:11:48.800 [info] > git diff --shortstat eb0698916e6dc7836082b54d5d412ba578e2f432...cda5ef757a1e25d29efea67de02e455e4549b465 [104ms]
2024-01-29 15:11:48.806 [info] > git log --format=%H%n%aN%n%aE%n%at%n%ct%n%P%n%D%n%B -z --shortstat --diff-merges=first-parent --author-date-order eb0698916e6dc7836082b54d5d412ba578e2f432..cda5ef757a1e25d29efea67de02e455e4549b465 [114ms]
2024-01-29 15:11:52.562 [info] > git diff --name-status -z --diff-filter=ADMR eb0698916e6dc7836082b54d5d412ba578e2f432...cda5ef757a1e25d29efea67de02e455e4549b465 [10ms]
2024-01-29 15:11:53.114 [info] > git check-ignore -v -z --stdin [2ms]
2024-01-29 15:12:06.823 [info] > git add -A -- . [8ms]
2024-01-29 15:12:07.197 [info] > git show --textconv :.git/COMMIT_EDITMSG [5ms]
2024-01-29 15:12:07.198 [info] > git ls-files --stage -- /root/example2/.git/COMMIT_EDITMSG [2ms]
2024-01-29 15:12:08.010 [info] > git ls-files --stage -- /root/example2/.git/COMMIT_EDITMSG [2ms]
2024-01-29 15:12:08.017 [info] > git show --textconv :.git/COMMIT_EDITMSG [1ms]
2024-01-29 15:12:14.882 [info] > git -c user.useConfigOnly=true commit --quiet [8054ms]
2024-01-29 15:12:14.896 [info] > git config --get commit.template [6ms]
2024-01-29 15:12:14.896 [info] > git for-each-ref --format=%(refname)%00%(upstream:short)%00%(objectname)%00%(upstream:track)%00%(upstream:remotename)%00%(upstream:remoteref) refs/heads/main refs/remotes/main [1ms]
2024-01-29 15:12:14.906 [info] > git status -z -uall [5ms]
2024-01-29 15:12:14.919 [info] > git config --get commit.template [4ms]
2024-01-29 15:12:14.921 [info] > git for-each-ref --format=%(refname)%00%(upstream:short)%00%(objectname)%00%(upstream:track)%00%(upstream:remotename)%00%(upstream:remoteref) refs/heads/main refs/remotes/main [2ms]
2024-01-29 15:12:14.932 [info] > git status -z -uall [5ms]
2024-01-29 15:12:14.968 [info] > git config --get commit.template [5ms]
2024-01-29 15:12:14.974 [info] > git merge-base refs/heads/main refs/remotes/origin/main [7ms]
2024-01-29 15:12:14.979 [info] > git for-each-ref --format=%(refname)%00%(upstream:short)%00%(objectname)%00%(upstream:track)%00%(upstream:remotename)%00%(upstream:remoteref) refs/heads/main refs/remotes/main [6ms]
2024-01-29 15:12:14.985 [info] > git rev-list --count --left-right refs/heads/main...refs/remotes/origin/main [7ms]
2024-01-29 15:12:14.988 [info] > git status -z -uall [4ms]
2024-01-29 15:12:15.300 [info] > git show --textconv :config/environments/production.rb [3ms]
2024-01-29 15:12:15.302 [info] > git ls-files --stage -- /root/example2/config/environments/production.rb [2ms]
2024-01-29 15:12:15.307 [info] > git cat-file -s 766e72e9658cc19500e6b6a0723378a85497d877 [1ms]
2024-01-29 15:12:15.606 [info] > git check-ignore -v -z --stdin [2ms]
2024-01-29 15:12:16.224 [info] > git ls-files --stage -- /root/example2/config/environments/production.rb [1ms]
2024-01-29 15:12:16.229 [info] > git cat-file -s 766e72e9658cc19500e6b6a0723378a85497d877 [2ms]
2024-01-29 15:12:16.234 [info] > git show --textconv :config/environments/production.rb [1ms]
2024-01-29 15:12:17.621 [info] > git diff --shortstat eb0698916e6dc7836082b54d5d412ba578e2f432...b00768ff59a552adad82fcbd0e136f107d36f705 [97ms]
2024-01-29 15:12:17.624 [info] > git log --format=%H%n%aN%n%aE%n%at%n%ct%n%P%n%D%n%B -z --shortstat --diff-merges=first-parent --author-date-order eb0698916e6dc7836082b54d5d412ba578e2f432..b00768ff59a552adad82fcbd0e136f107d36f705 [104ms]
2024-01-29 15:12:19.946 [info] > git for-each-ref --format=%(refname)%00%(upstream:short)%00%(objectname)%00%(upstream:track)%00%(upstream:remotename)%00%(upstream:remoteref) refs/heads/main refs/remotes/main [3ms]
2024-01-29 15:12:19.947 [info] > git config --get commit.template [7ms]
2024-01-29 15:12:19.952 [info] > git diff --name-status -z --diff-filter=ADMR eb0698916e6dc7836082b54d5d412ba578e2f432...b00768ff59a552adad82fcbd0e136f107d36f705 [5ms]
2024-01-29 15:12:19.960 [info] > git status -z -uall [10ms]
2024-01-29 15:12:20.601 [info] > git check-ignore -v -z --stdin [2ms]
2024-01-29 15:19:49.804 [info] > git config --get commit.template [2ms]
2024-01-29 15:19:49.813 [info] > git for-each-ref --format=%(refname)%00%(upstream:short)%00%(objectname)%00%(upstream:track)%00%(upstream:remotename)%00%(upstream:remoteref) refs/heads/main refs/remotes/main [3ms]
2024-01-29 15:19:49.824 [info] > git status -z -uall [6ms]
2024-01-29 15:19:52.912 [info] > git check-ignore -v -z --stdin [2ms]
2024-01-29 15:19:54.837 [info] > git config --get commit.template [5ms]
2024-01-29 15:19:54.838 [info] > git for-each-ref --format=%(refname)%00%(upstream:short)%00%(objectname)%00%(upstream:track)%00%(upstream:remotename)%00%(upstream:remoteref) refs/heads/main refs/remotes/main [2ms]
2024-01-29 15:19:54.849 [info] > git status -z -uall [5ms]
2024-01-29 15:19:55.144 [info] > git show --textconv :Dockerfile [4ms]
2024-01-29 15:19:55.145 [info] > git ls-files --stage -- /root/example2/Dockerfile [1ms]
2024-01-29 15:19:55.150 [info] > git cat-file -s 406772a6cc097798ea9b29fe36f49dccbbfc92c0 [2ms]
2024-01-29 15:19:59.864 [info] > git config --get commit.template [5ms]
2024-01-29 15:19:59.866 [info] > git for-each-ref --format=%(refname)%00%(upstream:short)%00%(objectname)%00%(upstream:track)%00%(upstream:remotename)%00%(upstream:remoteref) refs/heads/main refs/remotes/main [2ms]
2024-01-29 15:19:59.883 [info] > git status -z -uall [5ms]
2024-01-29 15:20:06.789 [info] > git config --get commit.template [9ms]
2024-01-29 15:20:06.791 [info] > git for-each-ref --format=%(refname)%00%(upstream:short)%00%(objectname)%00%(upstream:track)%00%(upstream:remotename)%00%(upstream:remoteref) refs/heads/main refs/remotes/main [2ms]
2024-01-29 15:20:06.804 [info] > git status -z -uall [5ms]
2024-01-29 15:20:18.325 [info] > git config --get commit.template [7ms]
2024-01-29 15:20:18.326 [info] > git for-each-ref --format=%(refname)%00%(upstream:short)%00%(objectname)%00%(upstream:track)%00%(upstream:remotename)%00%(upstream:remoteref) refs/heads/main refs/remotes/main [2ms]
2024-01-29 15:20:18.340 [info] > git status -z -uall [6ms]
2024-01-29 15:30:43.641 [info] > git config --get commit.template [7ms]
2024-01-29 15:30:43.643 [info] > git for-each-ref --format=%(refname)%00%(upstream:short)%00%(objectname)%00%(upstream:track)%00%(upstream:remotename)%00%(upstream:remoteref) refs/heads/main refs/remotes/main [3ms]
2024-01-29 15:30:43.655 [info] > git status -z -uall [7ms]
2024-01-29 15:30:48.667 [info] > git config --get commit.template [4ms]
2024-01-29 15:30:48.668 [info] > git for-each-ref --format=%(refname)%00%(upstream:short)%00%(objectname)%00%(upstream:track)%00%(upstream:remotename)%00%(upstream:remoteref) refs/heads/main refs/remotes/main [2ms]
2024-01-29 15:30:48.675 [info] > git status -z -uall [4ms]
2024-01-29 15:30:50.126 [info] > git check-ignore -v -z --stdin [2ms]
2024-01-29 15:30:51.072 [info] > git show --textconv eb0698916e6dc7836082b54d5d412ba578e2f432:config/environments/production.rb [12ms]
2024-01-29 15:30:51.072 [info] > git show --textconv b00768ff59a552adad82fcbd0e136f107d36f705:config/environments/production.rb [8ms]
2024-01-29 15:30:51.072 [info] > git ls-tree -l eb0698916e6dc7836082b54d5d412ba578e2f432 -- /root/example2/config/environments/production.rb [4ms]
2024-01-29 15:30:51.074 [info] > git ls-tree -l b00768ff59a552adad82fcbd0e136f107d36f705 -- /root/example2/config/environments/production.rb [3ms]
2024-01-29 15:30:51.580 [info] > git check-ignore -v -z --stdin [1ms]
2024-01-29 15:30:53.686 [info] > git config --get commit.template [4ms]
2024-01-29 15:30:53.688 [info] > git for-each-ref --format=%(refname)%00%(upstream:short)%00%(objectname)%00%(upstream:track)%00%(upstream:remotename)%00%(upstream:remoteref) refs/heads/main refs/remotes/main [2ms]
2024-01-29 15:30:53.695 [info] > git status -z -uall [4ms]
2024-01-29 15:30:59.621 [info] > git config --get commit.template [1ms]
2024-01-29 15:30:59.626 [info] > git for-each-ref --format=%(refname)%00%(upstream:short)%00%(objectname)%00%(upstream:track)%00%(upstream:remotename)%00%(upstream:remoteref) refs/heads/main refs/remotes/main [2ms]
2024-01-29 15:30:59.633 [info] > git status -z -uall [4ms]
2024-01-29 15:31:08.634 [info] > git show --textconv :Dockerfile [3ms]
2024-01-29 15:31:08.636 [info] > git ls-files --stage -- /root/example2/Dockerfile [2ms]
2024-01-29 15:31:08.641 [info] > git cat-file -s 406772a6cc097798ea9b29fe36f49dccbbfc92c0 [2ms]
2024-01-29 15:31:09.922 [info] > git config --get commit.template [4ms]
2024-01-29 15:31:09.923 [info] > git for-each-ref --format=%(refname)%00%(upstream:short)%00%(objectname)%00%(upstream:track)%00%(upstream:remotename)%00%(upstream:remoteref) refs/heads/main refs/remotes/main [2ms]
2024-01-29 15:31:09.932 [info] > git status -z -uall [4ms]
2024-01-29 15:31:10.243 [info] > git show --textconv :config/environments/production.rb [4ms]
2024-01-29 15:31:10.244 [info] > git ls-files --stage -- /root/example2/config/environments/production.rb [2ms]
2024-01-29 15:31:10.249 [info] > git cat-file -s 766e72e9658cc19500e6b6a0723378a85497d877 [1ms]
2024-01-29 15:31:13.286 [info] > git show --textconv :Dockerfile [3ms]
2024-01-29 15:31:13.287 [info] > git ls-files --stage -- /root/example2/Dockerfile [1ms]
2024-01-29 15:31:13.291 [info] > git cat-file -s 406772a6cc097798ea9b29fe36f49dccbbfc92c0 [1ms]
2024-01-29 15:31:14.944 [info] > git config --get commit.template [3ms]
2024-01-29 15:31:14.945 [info] > git for-each-ref --format=%(refname)%00%(upstream:short)%00%(objectname)%00%(upstream:track)%00%(upstream:remotename)%00%(upstream:remoteref) refs/heads/main refs/remotes/main [2ms]
2024-01-29 15:31:14.952 [info] > git status -z -uall [3ms]
2024-01-29 15:31:22.157 [info] > git config --get commit.template [4ms]
2024-01-29 15:31:22.159 [info] > git for-each-ref --format=%(refname)%00%(upstream:short)%00%(objectname)%00%(upstream:track)%00%(upstream:remotename)%00%(upstream:remoteref) refs/heads/main refs/remotes/main [3ms]
2024-01-29 15:31:22.167 [info] > git status -z -uall [5ms]
2024-01-29 15:39:31.597 [info] > git config --get commit.template [5ms]
2024-01-29 15:39:31.598 [info] > git for-each-ref --format=%(refname)%00%(upstream:short)%00%(objectname)%00%(upstream:track)%00%(upstream:remotename)%00%(upstream:remoteref) refs/heads/main refs/remotes/main [2ms]
2024-01-29 15:39:31.611 [info] > git status -z -uall [6ms]
2024-01-29 15:39:36.626 [info] > git config --get commit.template [5ms]
2024-01-29 15:39:36.627 [info] > git for-each-ref --format=%(refname)%00%(upstream:short)%00%(objectname)%00%(upstream:track)%00%(upstream:remotename)%00%(upstream:remoteref) refs/heads/main refs/remotes/main [2ms]
2024-01-29 15:39:36.637 [info] > git status -z -uall [5ms]
2024-01-29 15:39:41.654 [info] > git config --get commit.template [4ms]
2024-01-29 15:39:41.655 [info] > git for-each-ref --format=%(refname)%00%(upstream:short)%00%(objectname)%00%(upstream:track)%00%(upstream:remotename)%00%(upstream:remoteref) refs/heads/main refs/remotes/main [2ms]
2024-01-29 15:39:41.663 [info] > git status -z -uall [4ms]
2024-01-29 15:39:46.673 [info] > git config --get commit.template [4ms]
2024-01-29 15:39:46.674 [info] > git for-each-ref --format=%(refname)%00%(upstream:short)%00%(objectname)%00%(upstream:track)%00%(upstream:remotename)%00%(upstream:remoteref) refs/heads/main refs/remotes/main [1ms]
2024-01-29 15:39:46.681 [info] > git status -z -uall [4ms]
2024-01-29 15:39:51.693 [info] > git config --get commit.template [5ms]
2024-01-29 15:39:51.694 [info] > git for-each-ref --format=%(refname)%00%(upstream:short)%00%(objectname)%00%(upstream:track)%00%(upstream:remotename)%00%(upstream:remoteref) refs/heads/main refs/remotes/main [2ms]
2024-01-29 15:39:51.701 [info] > git status -z -uall [3ms]
2024-01-29 15:39:56.712 [info] > git config --get commit.template [4ms]
2024-01-29 15:39:56.713 [info] > git for-each-ref --format=%(refname)%00%(upstream:short)%00%(objectname)%00%(upstream:track)%00%(upstream:remotename)%00%(upstream:remoteref) refs/heads/main refs/remotes/main [2ms]
2024-01-29 15:39:56.719 [info] > git status -z -uall [3ms]
2024-01-29 15:45:51.899 [info] > git config --get commit.template [7ms]
2024-01-29 15:45:51.901 [info] > git for-each-ref --format=%(refname)%00%(upstream:short)%00%(objectname)%00%(upstream:track)%00%(upstream:remotename)%00%(upstream:remoteref) refs/heads/main refs/remotes/main [3ms]
2024-01-29 15:45:51.913 [info] > git status -z -uall [7ms]
2024-01-29 15:45:56.925 [info] > git config --get commit.template [5ms]
2024-01-29 15:45:56.926 [info] > git for-each-ref --format=%(refname)%00%(upstream:short)%00%(objectname)%00%(upstream:track)%00%(upstream:remotename)%00%(upstream:remoteref) refs/heads/main refs/remotes/main [1ms]
2024-01-29 15:45:56.932 [info] > git status -z -uall [3ms]
2024-01-29 15:46:03.762 [info] > git config --get commit.template [4ms]
2024-01-29 15:46:03.763 [info] > git for-each-ref --format=%(refname)%00%(upstream:short)%00%(objectname)%00%(upstream:track)%00%(upstream:remotename)%00%(upstream:remoteref) refs/heads/main refs/remotes/main [2ms]
2024-01-29 15:46:03.770 [info] > git status -z -uall [4ms]
2024-01-29 15:49:50.584 [info] > git config --get commit.template [4ms]
2024-01-29 15:49:50.584 [info] > git for-each-ref --format=%(refname)%00%(upstream:short)%00%(objectname)%00%(upstream:track)%00%(upstream:remotename)%00%(upstream:remoteref) refs/heads/main refs/remotes/main [1ms]
2024-01-29 15:49:50.596 [info] > git status -z -uall [7ms]
2024-01-29 15:49:55.609 [info] > git config --get commit.template [3ms]
2024-01-29 15:49:55.609 [info] > git for-each-ref --format=%(refname)%00%(upstream:short)%00%(objectname)%00%(upstream:track)%00%(upstream:remotename)%00%(upstream:remoteref) refs/heads/main refs/remotes/main [1ms]
2024-01-29 15:49:55.616 [info] > git status -z -uall [4ms]
2024-01-29 15:52:32.367 [info] > git config --get commit.template [5ms]
2024-01-29 15:52:32.368 [info] > git for-each-ref --format=%(refname)%00%(upstream:short)%00%(objectname)%00%(upstream:track)%00%(upstream:remotename)%00%(upstream:remoteref) refs/heads/main refs/remotes/main [2ms]
2024-01-29 15:52:32.378 [info] > git status -z -uall [5ms]
2024-01-29 15:52:37.392 [info] > git config --get commit.template [5ms]
2024-01-29 15:52:37.394 [info] > git for-each-ref --format=%(refname)%00%(upstream:short)%00%(objectname)%00%(upstream:track)%00%(upstream:remotename)%00%(upstream:remoteref) refs/heads/main refs/remotes/main [2ms]
2024-01-29 15:52:37.408 [info] > git status -z -uall [4ms]
2024-01-29 15:52:40.295 [info] > git check-ignore -v -z --stdin [2ms]
2024-01-29 15:52:42.422 [info] > git config --get commit.template [3ms]
2024-01-29 15:52:42.423 [info] > git for-each-ref --format=%(refname)%00%(upstream:short)%00%(objectname)%00%(upstream:track)%00%(upstream:remotename)%00%(upstream:remoteref) refs/heads/main refs/remotes/main [2ms]
2024-01-29 15:52:42.429 [info] > git status -z -uall [3ms]
2024-01-29 15:52:44.950 [info] > git check-ignore -v -z --stdin [1ms]
2024-01-29 15:52:46.310 [info] > git check-ignore -v -z --stdin [2ms]
2024-01-29 15:52:47.345 [info] > git check-ignore -v -z --stdin [4ms]
2024-01-29 15:52:50.244 [info] > git config --get commit.template [4ms]
2024-01-29 15:52:50.245 [info] > git for-each-ref --format=%(refname)%00%(upstream:short)%00%(objectname)%00%(upstream:track)%00%(upstream:remotename)%00%(upstream:remoteref) refs/heads/main refs/remotes/main [2ms]
2024-01-29 15:52:50.252 [info] > git status -z -uall [3ms]
2024-01-29 15:52:55.222 [info] > git show --textconv :config/puma.rb [3ms]
2024-01-29 15:52:55.223 [info] > git ls-files --stage -- /root/example2/config/puma.rb [1ms]
2024-01-29 15:52:55.227 [info] > git cat-file -s d9b3e836cf2a2d29e4f0c44206c4d5d7446b40ec [1ms]
2024-01-29 15:52:56.303 [info] > git config --get commit.template [5ms]
2024-01-29 15:52:56.304 [info] > git for-each-ref --format=%(refname)%00%(upstream:short)%00%(objectname)%00%(upstream:track)%00%(upstream:remotename)%00%(upstream:remoteref) refs/heads/main refs/remotes/main [2ms]
2024-01-29 15:52:56.312 [info] > git status -z -uall [4ms]
2024-01-29 15:53:07.650 [info] > git config --get commit.template [3ms]
2024-01-29 15:53:07.652 [info] > git for-each-ref --format=%(refname)%00%(upstream:short)%00%(objectname)%00%(upstream:track)%00%(upstream:remotename)%00%(upstream:remoteref) refs/heads/main refs/remotes/main [2ms]
2024-01-29 15:53:07.658 [info] > git status -z -uall [3ms]
2024-01-29 15:53:11.376 [info] > git check-ignore -v -z --stdin [2ms]
2024-01-29 15:53:12.669 [info] > git config --get commit.template [4ms]
2024-01-29 15:53:12.670 [info] > git for-each-ref --format=%(refname)%00%(upstream:short)%00%(objectname)%00%(upstream:track)%00%(upstream:remotename)%00%(upstream:remoteref) refs/heads/main refs/remotes/main [2ms]
2024-01-29 15:53:12.677 [info] > git status -z -uall [4ms]
2024-01-29 15:53:17.693 [info] > git config --get commit.template [6ms]
2024-01-29 15:53:17.694 [info] > git for-each-ref --format=%(refname)%00%(upstream:short)%00%(objectname)%00%(upstream:track)%00%(upstream:remotename)%00%(upstream:remoteref) refs/heads/main refs/remotes/main [2ms]
2024-01-29 15:53:17.701 [info] > git status -z -uall [4ms]
2024-01-29 15:53:21.361 [info] > git check-ignore -v -z --stdin [2ms]
2024-01-29 15:53:22.714 [info] > git config --get commit.template [4ms]
2024-01-29 15:53:22.715 [info] > git for-each-ref --format=%(refname)%00%(upstream:short)%00%(objectname)%00%(upstream:track)%00%(upstream:remotename)%00%(upstream:remoteref) refs/heads/main refs/remotes/main [2ms]
2024-01-29 15:53:22.723 [info] > git status -z -uall [4ms]
2024-01-29 15:53:24.356 [info] > git show --textconv :.dockerignore [4ms]
2024-01-29 15:53:24.357 [info] > git ls-files --stage -- /root/example2/.dockerignore [2ms]
2024-01-29 15:53:24.361 [info] > git cat-file -s e1ff3ec8149393e26f0ce2d5174435883554cbcf [1ms]
2024-01-29 15:53:27.734 [info] > git config --get commit.template [4ms]
2024-01-29 15:53:27.734 [info] > git for-each-ref --format=%(refname)%00%(upstream:short)%00%(objectname)%00%(upstream:track)%00%(upstream:remotename)%00%(upstream:remoteref) refs/heads/main refs/remotes/main [1ms]
2024-01-29 15:53:27.741 [info] > git status -z -uall [4ms]
2024-01-29 15:53:32.752 [info] > git config --get commit.template [4ms]
2024-01-29 15:53:32.753 [info] > git for-each-ref --format=%(refname)%00%(upstream:short)%00%(objectname)%00%(upstream:track)%00%(upstream:remotename)%00%(upstream:remoteref) refs/heads/main refs/remotes/main [1ms]
2024-01-29 15:53:32.760 [info] > git status -z -uall [4ms]
2024-01-29 15:53:39.654 [info] > git show --textconv :.gitignore [3ms]
2024-01-29 15:53:39.655 [info] > git ls-files --stage -- /root/example2/.gitignore [1ms]
2024-01-29 15:53:39.659 [info] > git cat-file -s 072bcce668a3cbe43945f0e38e52d291ccea04ad [2ms]
2024-01-29 15:53:40.734 [info] > git config --get commit.template [4ms]
2024-01-29 15:53:40.737 [info] > git for-each-ref --format=%(refname)%00%(upstream:short)%00%(objectname)%00%(upstream:track)%00%(upstream:remotename)%00%(upstream:remoteref) refs/heads/main refs/remotes/main [3ms]
2024-01-29 15:53:40.745 [info] > git status -z -uall [4ms]
2024-01-29 15:53:45.729 [info] > git show --textconv :Dockerfile [4ms]
2024-01-29 15:53:45.730 [info] > git ls-files --stage -- /root/example2/Dockerfile [2ms]
2024-01-29 15:53:45.733 [info] > git cat-file -s 406772a6cc097798ea9b29fe36f49dccbbfc92c0 [1ms]
2024-01-29 15:53:46.808 [info] > git config --get commit.template [4ms]
2024-01-29 15:53:46.809 [info] > git for-each-ref --format=%(refname)%00%(upstream:short)%00%(objectname)%00%(upstream:track)%00%(upstream:remotename)%00%(upstream:remoteref) refs/heads/main refs/remotes/main [2ms]
2024-01-29 15:53:46.818 [info] > git status -z -uall [4ms]
2024-01-29 15:53:51.829 [info] > git config --get commit.template [3ms]
2024-01-29 15:53:51.829 [info] > git for-each-ref --format=%(refname)%00%(upstream:short)%00%(objectname)%00%(upstream:track)%00%(upstream:remotename)%00%(upstream:remoteref) refs/heads/main refs/remotes/main [1ms]
2024-01-29 15:53:51.836 [info] > git status -z -uall [3ms]
2024-01-29 15:53:56.848 [info] > git config --get commit.template [4ms]
2024-01-29 15:53:56.849 [info] > git for-each-ref --format=%(refname)%00%(upstream:short)%00%(objectname)%00%(upstream:track)%00%(upstream:remotename)%00%(upstream:remoteref) refs/heads/main refs/remotes/main [2ms]
2024-01-29 15:53:56.856 [info] > git status -z -uall [4ms]
2024-01-29 15:54:26.526 [info] > git config --get commit.template [4ms]
2024-01-29 15:54:26.526 [info] > git for-each-ref --format=%(refname)%00%(upstream:short)%00%(objectname)%00%(upstream:track)%00%(upstream:remotename)%00%(upstream:remoteref) refs/heads/main refs/remotes/main [1ms]
2024-01-29 15:54:26.534 [info] > git status -z -uall [5ms]
2024-01-29 15:54:29.572 [info] > git show --textconv :.gitignore [3ms]
2024-01-29 15:54:29.573 [info] > git ls-files --stage -- /root/example2/.gitignore [1ms]
2024-01-29 15:54:29.577 [info] > git cat-file -s 072bcce668a3cbe43945f0e38e52d291ccea04ad [2ms]
2024-01-29 15:54:31.548 [info] > git config --get commit.template [5ms]
2024-01-29 15:54:31.550 [info] > git for-each-ref --format=%(refname)%00%(upstream:short)%00%(objectname)%00%(upstream:track)%00%(upstream:remotename)%00%(upstream:remoteref) refs/heads/main refs/remotes/main [2ms]
2024-01-29 15:54:31.557 [info] > git status -z -uall [4ms]
2024-01-29 15:54:31.619 [info] > git show --textconv :Dockerfile [4ms]
2024-01-29 15:54:31.620 [info] > git ls-files --stage -- /root/example2/Dockerfile [2ms]
2024-01-29 15:54:31.623 [info] > git cat-file -s 406772a6cc097798ea9b29fe36f49dccbbfc92c0 [1ms]
2024-01-29 15:54:36.570 [info] > git config --get commit.template [5ms]
2024-01-29 15:54:36.572 [info] > git for-each-ref --format=%(refname)%00%(upstream:short)%00%(objectname)%00%(upstream:track)%00%(upstream:remotename)%00%(upstream:remoteref) refs/heads/main refs/remotes/main [2ms]
2024-01-29 15:54:36.579 [info] > git status -z -uall [4ms]
2024-01-29 15:54:39.825 [info] > git show --textconv :.dockerignore [4ms]
2024-01-29 15:54:39.826 [info] > git ls-files --stage -- /root/example2/.dockerignore [2ms]
2024-01-29 15:54:39.829 [info] > git cat-file -s e1ff3ec8149393e26f0ce2d5174435883554cbcf [1ms]
2024-01-29 15:54:41.590 [info] > git config --get commit.template [4ms]
2024-01-29 15:54:41.591 [info] > git for-each-ref --format=%(refname)%00%(upstream:short)%00%(objectname)%00%(upstream:track)%00%(upstream:remotename)%00%(upstream:remoteref) refs/heads/main refs/remotes/main [2ms]
2024-01-29 15:54:41.598 [info] > git status -z -uall [4ms]
2024-01-29 15:54:42.957 [info] > git show --textconv :.gitignore [4ms]
2024-01-29 15:54:42.958 [info] > git ls-files --stage -- /root/example2/.gitignore [1ms]
2024-01-29 15:54:42.961 [info] > git cat-file -s 072bcce668a3cbe43945f0e38e52d291ccea04ad [1ms]
2024-01-29 15:54:45.347 [info] > git show --textconv :Dockerfile [3ms]
2024-01-29 15:54:45.349 [info] > git ls-files --stage -- /root/example2/Dockerfile [2ms]
2024-01-29 15:54:45.352 [info] > git cat-file -s 406772a6cc097798ea9b29fe36f49dccbbfc92c0 [1ms]
2024-01-29 15:54:46.166 [info] > git show --textconv :Gemfile [3ms]
2024-01-29 15:54:46.168 [info] > git ls-files --stage -- /root/example2/Gemfile [2ms]
2024-01-29 15:54:46.171 [info] > git cat-file -s ea3661f4ccee2049ee299ca3c1201fc3f35ac1e9 [1ms]
2024-01-29 15:54:46.610 [info] > git config --get commit.template [5ms]
2024-01-29 15:54:46.611 [info] > git for-each-ref --format=%(refname)%00%(upstream:short)%00%(objectname)%00%(upstream:track)%00%(upstream:remotename)%00%(upstream:remoteref) refs/heads/main refs/remotes/main [2ms]
2024-01-29 15:54:46.618 [info] > git status -z -uall [3ms]
2024-01-29 15:54:46.893 [info] > git show --textconv :config/environments/production.rb [3ms]
2024-01-29 15:54:46.895 [info] > git ls-files --stage -- /root/example2/config/environments/production.rb [2ms]
2024-01-29 15:54:46.901 [info] > git cat-file -s 766e72e9658cc19500e6b6a0723378a85497d877 [3ms]
2024-01-29 15:54:50.704 [info] > git ls-files --stage -- /root/example2/~/root/CachedProfilesData/__default__profile__/extensions.builtin.cache [2ms]
2024-01-29 15:54:50.708 [info] > git show --textconv :~/root/CachedProfilesData/__default__profile__/extensions.builtin.cache [9ms]
2024-01-29 15:54:50.708 [info] > git cat-file -s 4b57f5661aa9b1c398fdb5677a6b8b7fa746b8a6 [2ms]
2024-01-29 15:54:50.952 [info] > git check-ignore -v -z --stdin [5ms]
2024-01-29 15:54:51.630 [info] > git config --get commit.template [4ms]
2024-01-29 15:54:51.631 [info] > git for-each-ref --format=%(refname)%00%(upstream:short)%00%(objectname)%00%(upstream:track)%00%(upstream:remotename)%00%(upstream:remoteref) refs/heads/main refs/remotes/main [1ms]
2024-01-29 15:54:51.638 [info] > git status -z -uall [4ms]
2024-01-29 15:54:54.854 [info] > git show --textconv :~/root/User/History/829d370/2Jph [4ms]
2024-01-29 15:54:54.855 [info] > git ls-files --stage -- /root/example2/~/root/User/History/829d370/2Jph [2ms]
2024-01-29 15:54:55.136 [info] > git check-ignore -v -z --stdin [2ms]
2024-01-29 15:54:56.650 [info] > git config --get commit.template [4ms]
2024-01-29 15:54:56.651 [info] > git for-each-ref --format=%(refname)%00%(upstream:short)%00%(objectname)%00%(upstream:track)%00%(upstream:remotename)%00%(upstream:remoteref) refs/heads/main refs/remotes/main [2ms]
2024-01-29 15:54:56.658 [info] > git status -z -uall [3ms]
2024-01-29 15:54:56.777 [info] > git show --textconv :~/root/User/History/829d370/hhGc [4ms]
2024-01-29 15:54:56.778 [info] > git ls-files --stage -- /root/example2/~/root/User/History/829d370/hhGc [2ms]
2024-01-29 15:55:01.670 [info] > git config --get commit.template [4ms]
2024-01-29 15:55:01.672 [info] > git for-each-ref --format=%(refname)%00%(upstream:short)%00%(objectname)%00%(upstream:track)%00%(upstream:remotename)%00%(upstream:remoteref) refs/heads/main refs/remotes/main [1ms]
2024-01-29 15:55:01.679 [info] > git status -z -uall [4ms]
2024-01-29 15:55:03.019 [info] > git check-ignore -v -z --stdin [1ms]
2024-01-29 15:55:06.693 [info] > git config --get commit.template [5ms]
2024-01-29 15:55:06.695 [info] > git for-each-ref --format=%(refname)%00%(upstream:short)%00%(objectname)%00%(upstream:track)%00%(upstream:remotename)%00%(upstream:remoteref) refs/heads/main refs/remotes/main [2ms]
2024-01-29 15:55:06.702 [info] > git status -z -uall [4ms]
2024-01-29 15:55:08.740 [info] > git check-ignore -v -z --stdin [1ms]
2024-01-29 15:55:11.713 [info] > git config --get commit.template [5ms]
2024-01-29 15:55:11.714 [info] > git for-each-ref --format=%(refname)%00%(upstream:short)%00%(objectname)%00%(upstream:track)%00%(upstream:remotename)%00%(upstream:remoteref) refs/heads/main refs/remotes/main [2ms]
2024-01-29 15:55:11.720 [info] > git status -z -uall [3ms]
2024-01-29 15:55:16.731 [info] > git config --get commit.template [4ms]
2024-01-29 15:55:16.732 [info] > git for-each-ref --format=%(refname)%00%(upstream:short)%00%(objectname)%00%(upstream:track)%00%(upstream:remotename)%00%(upstream:remoteref) refs/heads/main refs/remotes/main [2ms]
2024-01-29 15:55:16.737 [info] > git status -z -uall [3ms]
2024-01-29 15:55:21.750 [info] > git config --get commit.template [4ms]
2024-01-29 15:55:21.751 [info] > git for-each-ref --format=%(refname)%00%(upstream:short)%00%(objectname)%00%(upstream:track)%00%(upstream:remotename)%00%(upstream:remoteref) refs/heads/main refs/remotes/main [2ms]
2024-01-29 15:55:21.758 [info] > git status -z -uall [4ms]
2024-01-29 15:55:26.770 [info] > git config --get commit.template [3ms]
2024-01-29 15:55:26.771 [info] > git for-each-ref --format=%(refname)%00%(upstream:short)%00%(objectname)%00%(upstream:track)%00%(upstream:remotename)%00%(upstream:remoteref) refs/heads/main refs/remotes/main [1ms]
2024-01-29 15:55:26.779 [info] > git status -z -uall [4ms]
2024-01-29 15:55:31.792 [info] > git config --get commit.template [5ms]
2024-01-29 15:55:31.793 [info] > git for-each-ref --format=%(refname)%00%(upstream:short)%00%(objectname)%00%(upstream:track)%00%(upstream:remotename)%00%(upstream:remoteref) refs/heads/main refs/remotes/main [2ms]
2024-01-29 15:55:31.799 [info] > git status -z -uall [3ms]
2024-01-29 15:55:33.787 [info] > git check-ignore -v -z --stdin [1ms]
2024-01-29 15:55:35.223 [info] > git check-ignore -v -z --stdin [2ms]
2024-01-29 15:55:36.810 [info] > git config --get commit.template [4ms]
2024-01-29 15:55:36.812 [info] > git for-each-ref --format=%(refname)%00%(upstream:short)%00%(objectname)%00%(upstream:track)%00%(upstream:remotename)%00%(upstream:remoteref) refs/heads/main refs/remotes/main [2ms]
2024-01-29 15:55:36.820 [info] > git status -z -uall [4ms]
2024-01-29 15:55:41.835 [info] > git config --get commit.template [4ms]
2024-01-29 15:55:41.837 [info] > git for-each-ref --format=%(refname)%00%(upstream:short)%00%(objectname)%00%(upstream:track)%00%(upstream:remotename)%00%(upstream:remoteref) refs/heads/main refs/remotes/main [1ms]
2024-01-29 15:55:41.843 [info] > git status -z -uall [3ms]
2024-01-29 15:55:45.994 [info] > git show --textconv :config/credentials.yml.enc [5ms]
2024-01-29 15:55:45.996 [info] > git ls-files --stage -- /root/example2/config/credentials.yml.enc [2ms]
2024-01-29 15:55:46.001 [info] > git cat-file -s 40b5455aa575eb8adb0ddd1ff7fa16160fc92347 [3ms]
2024-01-29 15:55:48.543 [info] > git config --get commit.template [4ms]
2024-01-29 15:55:48.543 [info] > git for-each-ref --format=%(refname)%00%(upstream:short)%00%(objectname)%00%(upstream:track)%00%(upstream:remotename)%00%(upstream:remoteref) refs/heads/main refs/remotes/main [2ms]
2024-01-29 15:55:48.550 [info] > git status -z -uall [3ms]
2024-01-29 15:55:55.239 [info] > git config --get commit.template [3ms]
2024-01-29 15:55:55.240 [info] > git for-each-ref --format=%(refname)%00%(upstream:short)%00%(objectname)%00%(upstream:track)%00%(upstream:remotename)%00%(upstream:remoteref) refs/heads/main refs/remotes/main [1ms]
2024-01-29 15:55:55.247 [info] > git status -z -uall [3ms]
2024-01-29 15:55:56.469 [info] > git check-ignore -v -z --stdin [3ms]
2024-01-29 15:56:00.362 [info] > git show --textconv :babel.config.js [15ms]
2024-01-29 15:56:00.363 [info] > git ls-files --stage -- /root/example2/babel.config.js [13ms]
2024-01-29 15:56:00.368 [info] > git config --get commit.template [25ms]
2024-01-29 15:56:00.374 [info] > git cat-file -s 19a07f31468bb0c0576b8756b8109224766cf705 [7ms]
2024-01-29 15:56:00.382 [info] > git for-each-ref --format=%(refname)%00%(upstream:short)%00%(objectname)%00%(upstream:track)%00%(upstream:remotename)%00%(upstream:remoteref) refs/heads/main refs/remotes/main [4ms]
2024-01-29 15:56:00.392 [info] > git status -z -uall [4ms]
2024-01-29 15:56:05.403 [info] > git config --get commit.template [4ms]
2024-01-29 15:56:05.404 [info] > git for-each-ref --format=%(refname)%00%(upstream:short)%00%(objectname)%00%(upstream:track)%00%(upstream:remotename)%00%(upstream:remoteref) refs/heads/main refs/remotes/main [2ms]
2024-01-29 15:56:05.412 [info] > git status -z -uall [4ms]
2024-01-29 15:56:07.414 [info] > git check-ignore -v -z --stdin [3ms]
2024-01-29 15:56:10.424 [info] > git config --get commit.template [4ms]
2024-01-29 15:56:10.425 [info] > git for-each-ref --format=%(refname)%00%(upstream:short)%00%(objectname)%00%(upstream:track)%00%(upstream:remotename)%00%(upstream:remoteref) refs/heads/main refs/remotes/main [2ms]
2024-01-29 15:56:10.432 [info] > git status -z -uall [4ms]
2024-01-29 15:56:13.162 [info] > git check-ignore -v -z --stdin [1ms]
2024-01-29 15:56:15.447 [info] > git config --get commit.template [7ms]
2024-01-29 15:56:15.448 [info] > git for-each-ref --format=%(refname)%00%(upstream:short)%00%(objectname)%00%(upstream:track)%00%(upstream:remotename)%00%(upstream:remoteref) refs/heads/main refs/remotes/main [2ms]
2024-01-29 15:56:15.454 [info] > git status -z -uall [3ms]
2024-01-29 15:56:24.102 [info] > git show --textconv eb0698916e6dc7836082b54d5d412ba578e2f432:Rails_test.pem [10ms]
2024-01-29 15:56:24.102 [info] > git show --textconv b00768ff59a552adad82fcbd0e136f107d36f705:Rails_test.pem [6ms]
2024-01-29 15:56:24.102 [info] > git ls-tree -l eb0698916e6dc7836082b54d5d412ba578e2f432 -- /root/example2/Rails_test.pem [3ms]
2024-01-29 15:56:24.104 [info] > git ls-tree -l b00768ff59a552adad82fcbd0e136f107d36f705 -- /root/example2/Rails_test.pem [2ms]
2024-01-29 15:56:24.609 [info] > git check-ignore -v -z --stdin [1ms]
2024-01-29 15:56:25.623 [info] > git config --get commit.template [6ms]
2024-01-29 15:56:25.624 [info] > git for-each-ref --format=%(refname)%00%(upstream:short)%00%(objectname)%00%(upstream:track)%00%(upstream:remotename)%00%(upstream:remoteref) refs/heads/main refs/remotes/main [2ms]
2024-01-29 15:56:25.632 [info] > git status -z -uall [4ms]
2024-01-29 15:56:59.533 [info] > git ls-tree -l eb0698916e6dc7836082b54d5d412ba578e2f432 -- /root/example2/Rails_test.pem [8ms]
2024-01-29 15:56:59.534 [info] > git config --get commit.template [1ms]
2024-01-29 15:56:59.535 [info] > git ls-tree -l b00768ff59a552adad82fcbd0e136f107d36f705 -- /root/example2/Rails_test.pem [5ms]
2024-01-29 15:56:59.545 [info] > git for-each-ref --format=%(refname)%00%(upstream:short)%00%(objectname)%00%(upstream:track)%00%(upstream:remotename)%00%(upstream:remoteref) refs/heads/main refs/remotes/main [2ms]
2024-01-29 15:56:59.557 [info] > git status -z -uall [3ms]
2024-01-29 15:57:19.918 [info] > git ls-tree -l eb0698916e6dc7836082b54d5d412ba578e2f432 -- /root/example2/Rails_test.pem [9ms]
2024-01-29 15:57:19.919 [info] > git config --get commit.template [3ms]
2024-01-29 15:57:19.920 [info] > git ls-tree -l b00768ff59a552adad82fcbd0e136f107d36f705 -- /root/example2/Rails_test.pem [6ms]
2024-01-29 15:57:19.928 [info] > git for-each-ref --format=%(refname)%00%(upstream:short)%00%(objectname)%00%(upstream:track)%00%(upstream:remotename)%00%(upstream:remoteref) refs/heads/main refs/remotes/main [2ms]
2024-01-29 15:57:19.937 [info] > git status -z -uall [4ms]
2024-01-29 15:57:24.344 [info] > git check-ignore -v -z --stdin [1ms]
2024-01-29 15:57:24.950 [info] > git config --get commit.template [4ms]
2024-01-29 15:57:24.951 [info] > git for-each-ref --format=%(refname)%00%(upstream:short)%00%(objectname)%00%(upstream:track)%00%(upstream:remotename)%00%(upstream:remoteref) refs/heads/main refs/remotes/main [2ms]
2024-01-29 15:57:24.960 [info] > git status -z -uall [5ms]
2024-01-29 15:57:29.973 [info] > git config --get commit.template [3ms]
2024-01-29 15:57:29.975 [info] > git for-each-ref --format=%(refname)%00%(upstream:short)%00%(objectname)%00%(upstream:track)%00%(upstream:remotename)%00%(upstream:remoteref) refs/heads/main refs/remotes/main [2ms]
2024-01-29 15:57:29.982 [info] > git status -z -uall [3ms]
2024-01-29 15:57:40.183 [info] > git config --get commit.template [7ms]
2024-01-29 15:57:40.183 [info] > git for-each-ref --format=%(refname)%00%(upstream:short)%00%(objectname)%00%(upstream:track)%00%(upstream:remotename)%00%(upstream:remoteref) refs/heads/main refs/remotes/main [2ms]
2024-01-29 15:57:40.189 [info] > git status -z -uall [3ms]
2024-01-29 15:57:45.288 [info] > git show --textconv :~/root/TransportSecurity [5ms]
2024-01-29 15:57:45.291 [info] > git ls-files --stage -- /root/example2/~/root/TransportSecurity [3ms]
2024-01-29 15:57:45.296 [info] > git cat-file -s dd560eaacc4dd6cdac545a326aab88d23abaf856 [2ms]
2024-01-29 15:57:47.194 [info] > git config --get commit.template [4ms]
2024-01-29 15:57:47.195 [info] > git for-each-ref --format=%(refname)%00%(upstream:short)%00%(objectname)%00%(upstream:track)%00%(upstream:remotename)%00%(upstream:remoteref) refs/heads/main refs/remotes/main [1ms]
2024-01-29 15:57:47.203 [info] > git status -z -uall [4ms]
2024-01-29 15:57:47.994 [info] > git show --textconv :~/root/Preferences [5ms]
2024-01-29 15:57:47.996 [info] > git ls-files --stage -- /root/example2/~/root/Preferences [3ms]
2024-01-29 15:57:47.999 [info] > git cat-file -s 1ec6df73d5a38a0063ebf26b4e21373333fb611d [1ms]
2024-01-29 15:57:49.114 [info] > git show --textconv :~/root/Network Persistent State [4ms]
2024-01-29 15:57:49.115 [info] > git ls-files --stage -- /root/example2/~/root/Network Persistent State [2ms]
2024-01-29 15:57:49.118 [info] > git cat-file -s 3b89bf15fe9f87cf2d552c92c788832844ee59e6 [1ms]
2024-01-29 15:57:49.818 [info] > git show --textconv :~/root/machineid [3ms]
2024-01-29 15:57:49.819 [info] > git ls-files --stage -- /root/example2/~/root/machineid [2ms]
2024-01-29 15:57:49.825 [info] > git cat-file -s 271cc6a11993dbe754c79c2d50f64ce0183a104c [2ms]
2024-01-29 15:57:51.292 [info] > git show --textconv :~/root/Cookies-journal [3ms]
2024-01-29 15:57:51.294 [info] > git ls-files --stage -- /root/example2/~/root/Cookies-journal [2ms]
2024-01-29 15:57:51.298 [info] > git cat-file -s e69de29bb2d1d6434b8b29ae775ad8c2e48c5391 [2ms]
2024-01-29 15:57:52.213 [info] > git config --get commit.template [4ms]
2024-01-29 15:57:52.214 [info] > git for-each-ref --format=%(refname)%00%(upstream:short)%00%(objectname)%00%(upstream:track)%00%(upstream:remotename)%00%(upstream:remoteref) refs/heads/main refs/remotes/main [2ms]
2024-01-29 15:57:52.221 [info] > git status -z -uall [4ms]
2024-01-29 15:57:57.236 [info] > git config --get commit.template [5ms]
2024-01-29 15:57:57.237 [info] > git for-each-ref --format=%(refname)%00%(upstream:short)%00%(objectname)%00%(upstream:track)%00%(upstream:remotename)%00%(upstream:remoteref) refs/heads/main refs/remotes/main [2ms]
2024-01-29 15:57:57.245 [info] > git status -z -uall [4ms]
2024-01-29 15:58:02.257 [info] > git config --get commit.template [3ms]
2024-01-29 15:58:02.258 [info] > git for-each-ref --format=%(refname)%00%(upstream:short)%00%(objectname)%00%(upstream:track)%00%(upstream:remotename)%00%(upstream:remoteref) refs/heads/main refs/remotes/main [1ms]
2024-01-29 15:58:02.265 [info] > git status -z -uall [4ms]
2024-01-29 15:58:02.844 [info] > git check-ignore -v -z --stdin [2ms]
2024-01-29 15:58:03.936 [info] > git check-ignore -v -z --stdin [2ms]
2024-01-29 15:58:05.766 [info] > git check-ignore -v -z --stdin [1ms]
2024-01-29 15:58:07.275 [info] > git config --get commit.template [4ms]
2024-01-29 15:58:07.276 [info] > git for-each-ref --format=%(refname)%00%(upstream:short)%00%(objectname)%00%(upstream:track)%00%(upstream:remotename)%00%(upstream:remoteref) refs/heads/main refs/remotes/main [1ms]
2024-01-29 15:58:07.284 [info] > git status -z -uall [4ms]
2024-01-29 15:58:12.297 [info] > git config --get commit.template [5ms]
2024-01-29 15:58:12.298 [info] > git for-each-ref --format=%(refname)%00%(upstream:short)%00%(objectname)%00%(upstream:track)%00%(upstream:remotename)%00%(upstream:remoteref) refs/heads/main refs/remotes/main [2ms]
2024-01-29 15:58:12.305 [info] > git status -z -uall [4ms]
2024-01-29 15:58:17.320 [info] > git config --get commit.template [5ms]
2024-01-29 15:58:17.321 [info] > git for-each-ref --format=%(refname)%00%(upstream:short)%00%(objectname)%00%(upstream:track)%00%(upstream:remotename)%00%(upstream:remoteref) refs/heads/main refs/remotes/main [2ms]
2024-01-29 15:58:17.328 [info] > git status -z -uall [4ms]
2024-01-29 15:58:22.341 [info] > git config --get commit.template [4ms]
2024-01-29 15:58:22.342 [info] > git for-each-ref --format=%(refname)%00%(upstream:short)%00%(objectname)%00%(upstream:track)%00%(upstream:remotename)%00%(upstream:remoteref) refs/heads/main refs/remotes/main [1ms]
2024-01-29 15:58:22.351 [info] > git status -z -uall [4ms]
2024-01-29 15:58:25.546 [info] > git show --textconv :config/master.key [3ms]
2024-01-29 15:58:25.548 [info] > git ls-files --stage -- /root/example2/config/master.key [2ms]
2024-01-29 15:58:25.827 [info] > git check-ignore -v -z --stdin [2ms]
2024-01-29 15:58:27.365 [info] > git config --get commit.template [5ms]
2024-01-29 15:58:27.366 [info] > git for-each-ref --format=%(refname)%00%(upstream:short)%00%(objectname)%00%(upstream:track)%00%(upstream:remotename)%00%(upstream:remoteref) refs/heads/main refs/remotes/main [2ms]
2024-01-29 15:58:27.373 [info] > git status -z -uall [3ms]
2024-01-29 15:58:39.159 [info] > git config --get commit.template [4ms]
2024-01-29 15:58:39.161 [info] > git for-each-ref --format=%(refname)%00%(upstream:short)%00%(objectname)%00%(upstream:track)%00%(upstream:remotename)%00%(upstream:remoteref) refs/heads/main refs/remotes/main [2ms]
2024-01-29 15:58:39.167 [info] > git status -z -uall [3ms]
2024-01-29 15:58:48.573 [info] > git config --get commit.template [7ms]
2024-01-29 15:58:48.575 [info] > git for-each-ref --format=%(refname)%00%(upstream:short)%00%(objectname)%00%(upstream:track)%00%(upstream:remotename)%00%(upstream:remoteref) refs/heads/main refs/remotes/main [3ms]
2024-01-29 15:58:48.584 [info] > git status -z -uall [4ms]
2024-01-29 15:59:32.250 [info] > git config --get commit.template [4ms]
2024-01-29 15:59:32.251 [info] > git for-each-ref --format=%(refname)%00%(upstream:short)%00%(objectname)%00%(upstream:track)%00%(upstream:remotename)%00%(upstream:remoteref) refs/heads/main refs/remotes/main [1ms]
2024-01-29 15:59:32.263 [info] > git status -z -uall [8ms]
2024-01-29 15:59:37.276 [info] > git config --get commit.template [5ms]
2024-01-29 15:59:37.277 [info] > git for-each-ref --format=%(refname)%00%(upstream:short)%00%(objectname)%00%(upstream:track)%00%(upstream:remotename)%00%(upstream:remoteref) refs/heads/main refs/remotes/main [2ms]
2024-01-29 15:59:37.288 [info] > git status -z -uall [4ms]
2024-01-29 15:59:42.298 [info] > git config --get commit.template [3ms]
2024-01-29 15:59:42.299 [info] > git for-each-ref --format=%(refname)%00%(upstream:short)%00%(objectname)%00%(upstream:track)%00%(upstream:remotename)%00%(upstream:remoteref) refs/heads/main refs/remotes/main [2ms]
2024-01-29 15:59:42.305 [info] > git status -z -uall [3ms]
2024-01-29 16:00:07.878 [info] > git config --get commit.template [13ms]
2024-01-29 16:00:07.880 [info] > git for-each-ref --format=%(refname)%00%(upstream:short)%00%(objectname)%00%(upstream:track)%00%(upstream:remotename)%00%(upstream:remoteref) refs/heads/main refs/remotes/main [3ms]
2024-01-29 16:00:07.893 [info] > git status -z -uall [5ms]
2024-01-29 16:00:12.906 [info] > git config --get commit.template [4ms]
2024-01-29 16:00:12.907 [info] > git for-each-ref --format=%(refname)%00%(upstream:short)%00%(objectname)%00%(upstream:track)%00%(upstream:remotename)%00%(upstream:remoteref) refs/heads/main refs/remotes/main [2ms]
2024-01-29 16:00:12.913 [info] > git status -z -uall [3ms]
