2024-01-30 11:48:22.753 [info] Extension host with pid 68730 started
2024-01-30 11:48:22.783 [info] ExtensionService#_doActivateExtension vscode.git-base, startup: true, activationEvent: '*', root cause: vscode.git
2024-01-30 11:48:22.789 [info] ExtensionService#_doActivateExtension vscode.git, startup: true, activationEvent: '*'
2024-01-30 11:48:22.883 [info] ExtensionService#_doActivateExtension vscode.github, startup: true, activationEvent: '*'
2024-01-30 11:48:22.959 [info] Eager extensions activated
2024-01-30 11:48:22.991 [info] ExtensionService#_doActivateExtension vscode.debug-auto-launch, startup: false, activationEvent: 'onStartupFinished'
2024-01-30 11:48:22.993 [info] ExtensionService#_doActivateExtension vscode.merge-conflict, startup: false, activationEvent: 'onStartupFinished'
2024-01-30 11:48:59.811 [info] Extension host terminating: renderer closed the MessagePort
2024-01-30 11:48:59.820 [info] Extension host with pid 68730 exiting with code 0
2024-01-30 11:49:00.347 [info] Extension host with pid 68906 started
2024-01-30 11:49:00.347 [info] Skipping acquiring lock for /root/example2/~/root/User/workspaceStorage/5dfa07f2b6d04b8b044c33ea4f249c0f.
2024-01-30 11:49:00.361 [info] ExtensionService#_doActivateExtension vscode.git-base, startup: true, activationEvent: '*', root cause: vscode.git
2024-01-30 11:49:00.364 [info] ExtensionService#_doActivateExtension vscode.npm, startup: true, activationEvent: 'workspaceContains:package.json'
2024-01-30 11:49:00.376 [info] ExtensionService#_doActivateExtension vscode.git, startup: true, activationEvent: '*'
2024-01-30 11:49:00.392 [info] ExtensionService#_doActivateExtension vscode.github, startup: true, activationEvent: '*'
2024-01-30 11:49:00.543 [info] Eager extensions activated
2024-01-30 11:49:00.551 [info] ExtensionService#_doActivateExtension vscode.debug-auto-launch, startup: false, activationEvent: 'onStartupFinished'
2024-01-30 11:49:00.554 [info] ExtensionService#_doActivateExtension vscode.merge-conflict, startup: false, activationEvent: 'onStartupFinished'
2024-01-30 11:49:00.616 [info] ExtensionService#_doActivateExtension vscode.github-authentication, startup: false, activationEvent: 'onAuthenticationRequest:github'
2024-01-30 11:49:36.641 [info] ExtensionService#_doActivateExtension vscode.emmet, startup: false, activationEvent: 'onLanguage'
2024-01-30 11:50:00.370 [info] ExtensionService#_doActivateExtension ms-azuretools.vscode-docker, startup: false, activationEvent: 'onLanguage:dockerfile'
