2024-01-29 14:43:25.049 [warning] Via 'product.json#extensionEnabledApiProposals' extension 'ms-python.python' wants API proposal 'registerIssueDataProvider' but that proposal DOES NOT EXIST. Likely, the proposal has been finalized (check 'vscode.d.ts') or was abandoned.
2024-01-29 14:43:25.269 [info] Started local extension host with pid 50167.
2024-01-29 14:43:28.218 [info] [perf] Render performance baseline is 22ms
2024-01-29 14:43:47.008 [warning] Via 'product.json#extensionEnabledApiProposals' extension 'ms-python.python' wants API proposal 'registerIssueDataProvider' but that proposal DOES NOT EXIST. Likely, the proposal has been finalized (check 'vscode.d.ts') or was abandoned.
2024-01-29 14:43:47.215 [info] Started local extension host with pid 50320.
2024-01-29 14:43:49.858 [info] [perf] Render performance baseline is 24ms
2024-01-29 14:43:50.579 [error] Cannot read properties of undefined (reading 'accessToken'): TypeError: Cannot read properties of undefined (reading 'accessToken')
    at b.f (vscode-file://vscode-app/snap/code/149/usr/share/code/resources/app/out/vs/workbench/workbench.desktop.main.js:1687:11513)
    at o.value (vscode-file://vscode-app/snap/code/149/usr/share/code/resources/app/out/vs/workbench/workbench.desktop.main.js:1687:11334)
2024-01-29 14:52:27.905 [error] There are no commenting ranges at the current position.: Error: There are no commenting ranges at the current position.
    at O.addCommentAtLine (vscode-file://vscode-app/snap/code/149/usr/share/code/resources/app/out/vs/workbench/workbench.desktop.main.js:2063:2555)
    at O.addOrToggleCommentAtLine (vscode-file://vscode-app/snap/code/149/usr/share/code/resources/app/out/vs/workbench/workbench.desktop.main.js:2063:2087)
    at O.Y (vscode-file://vscode-app/snap/code/149/usr/share/code/resources/app/out/vs/workbench/workbench.desktop.main.js:2063:1793)
    at o.value (vscode-file://vscode-app/snap/code/149/usr/share/code/resources/app/out/vs/workbench/workbench.desktop.main.js:2062:18489)
    at J.y (vscode-file://vscode-app/snap/code/149/usr/share/code/resources/app/out/vs/workbench/workbench.desktop.main.js:87:1902)
    at J.z (vscode-file://vscode-app/snap/code/149/usr/share/code/resources/app/out/vs/workbench/workbench.desktop.main.js:87:1972)
    at J.fire (vscode-file://vscode-app/snap/code/149/usr/share/code/resources/app/out/vs/workbench/workbench.desktop.main.js:87:2188)
    at J.fire (vscode-file://vscode-app/snap/code/149/usr/share/code/resources/app/out/vs/workbench/workbench.desktop.main.js:744:19871)
    at Vb.he.onMouseUp (vscode-file://vscode-app/snap/code/149/usr/share/code/resources/app/out/vs/workbench/workbench.desktop.main.js:744:18171)
    at S.emitMouseUp (vscode-file://vscode-app/snap/code/149/usr/share/code/resources/app/out/vs/workbench/workbench.desktop.main.js:95:39512)
    at D.emitMouseUp (vscode-file://vscode-app/snap/code/149/usr/share/code/resources/app/out/vs/workbench/workbench.desktop.main.js:681:40889)
    at g.F (vscode-file://vscode-app/snap/code/149/usr/share/code/resources/app/out/vs/workbench/workbench.desktop.main.js:719:14420)
    at vscode-file://vscode-app/snap/code/149/usr/share/code/resources/app/out/vs/workbench/workbench.desktop.main.js:719:12058
    at HTMLDivElement.<anonymous> (vscode-file://vscode-app/snap/code/149/usr/share/code/resources/app/out/vs/workbench/workbench.desktop.main.js:714:30685)
