2024-01-29 16:00:54.259 [info] Log level: Info
2024-01-29 16:00:54.259 [info] Validating found git in: "git"
2024-01-29 16:00:54.260 [info] Using git "2.34.1" from "git"
2024-01-29 16:00:54.260 [info] > git rev-parse --show-toplevel [3ms]
2024-01-29 16:00:54.260 [info] > git rev-parse --git-dir --git-common-dir [3ms]
2024-01-29 16:00:54.260 [info] Open repository: /root/example2
2024-01-29 16:00:54.278 [info] > git rev-parse --show-toplevel [7ms]
2024-01-29 16:00:54.279 [info] > git config --get commit.template [13ms]
2024-01-29 16:00:54.307 [info] > git rev-parse --show-toplevel [21ms]
2024-01-29 16:00:54.321 [info] > git for-each-ref --format=%(refname)%00%(upstream:short)%00%(objectname)%00%(upstream:track)%00%(upstream:remotename)%00%(upstream:remoteref) refs/heads/main refs/remotes/main [15ms]
2024-01-29 16:00:54.334 [info] > git rev-parse --show-toplevel [14ms]
2024-01-29 16:00:54.354 [info] > git rev-parse --show-toplevel [10ms]
2024-01-29 16:00:54.361 [info] > git rev-parse --show-toplevel [2ms]
2024-01-29 16:00:54.369 [info] > git status -z -uall [18ms]
2024-01-29 16:00:54.390 [info] > git rev-parse --show-toplevel [22ms]
2024-01-29 16:00:54.402 [info] > git config --get commit.template [12ms]
2024-01-29 16:00:54.403 [info] > git rev-parse --show-toplevel [2ms]
2024-01-29 16:00:54.421 [info] > git for-each-ref --format=%(refname)%00%(upstream:short)%00%(objectname)%00%(upstream:track)%00%(upstream:remotename)%00%(upstream:remoteref) refs/heads/main refs/remotes/main [8ms]
2024-01-29 16:00:54.422 [info] > git rev-parse --show-toplevel [2ms]
2024-01-29 16:00:54.434 [info] > git rev-parse --show-toplevel [6ms]
2024-01-29 16:00:54.441 [info] > git status -z -uall [8ms]
2024-01-29 16:00:54.441 [info] > git rev-parse --show-toplevel [3ms]
2024-01-29 16:00:54.452 [info] > git rev-parse --show-toplevel [5ms]
2024-01-29 16:00:54.496 [info] > git rev-parse --show-toplevel [11ms]
2024-01-29 16:00:54.787 [info] > git check-ignore -v -z --stdin [4ms]
2024-01-29 16:00:57.465 [info] > git config --get commit.template [3ms]
2024-01-29 16:00:57.465 [info] > git for-each-ref --format=%(refname)%00%(upstream:short)%00%(objectname)%00%(upstream:track)%00%(upstream:remotename)%00%(upstream:remoteref) refs/heads/main refs/remotes/main [1ms]
2024-01-29 16:00:57.474 [info] > git status -z -uall [6ms]
2024-01-29 16:01:05.013 [info] > git config --get commit.template [5ms]
2024-01-29 16:01:05.014 [info] > git for-each-ref --format=%(refname)%00%(upstream:short)%00%(objectname)%00%(upstream:track)%00%(upstream:remotename)%00%(upstream:remoteref) refs/heads/main refs/remotes/main [2ms]
2024-01-29 16:01:05.022 [info] > git status -z -uall [5ms]
2024-01-29 16:01:15.046 [info] > git config --get commit.template [3ms]
2024-01-29 16:01:15.047 [info] > git for-each-ref --format=%(refname)%00%(upstream:short)%00%(objectname)%00%(upstream:track)%00%(upstream:remotename)%00%(upstream:remoteref) refs/heads/main refs/remotes/main [1ms]
2024-01-29 16:01:15.055 [info] > git status -z -uall [5ms]
2024-01-29 16:01:22.455 [info] > git config --get commit.template [3ms]
2024-01-29 16:01:22.456 [info] > git for-each-ref --format=%(refname)%00%(upstream:short)%00%(objectname)%00%(upstream:track)%00%(upstream:remotename)%00%(upstream:remoteref) refs/heads/main refs/remotes/main [1ms]
2024-01-29 16:01:22.465 [info] > git status -z -uall [6ms]
2024-01-29 16:01:27.479 [info] > git config --get commit.template [3ms]
2024-01-29 16:01:27.480 [info] > git for-each-ref --format=%(refname)%00%(upstream:short)%00%(objectname)%00%(upstream:track)%00%(upstream:remotename)%00%(upstream:remoteref) refs/heads/main refs/remotes/main [2ms]
2024-01-29 16:01:27.496 [info] > git status -z -uall [6ms]
2024-01-29 16:01:43.296 [info] > git config --get commit.template [5ms]
2024-01-29 16:01:43.296 [info] > git for-each-ref --format=%(refname)%00%(upstream:short)%00%(objectname)%00%(upstream:track)%00%(upstream:remotename)%00%(upstream:remoteref) refs/heads/main refs/remotes/main [1ms]
2024-01-29 16:01:43.309 [info] > git status -z -uall [9ms]
2024-01-29 16:04:06.124 [info] > git config --get commit.template [6ms]
2024-01-29 16:04:06.125 [info] > git for-each-ref --format=%(refname)%00%(upstream:short)%00%(objectname)%00%(upstream:track)%00%(upstream:remotename)%00%(upstream:remoteref) refs/heads/main refs/remotes/main [2ms]
2024-01-29 16:04:06.140 [info] > git status -z -uall [8ms]
2024-01-29 16:04:11.155 [info] > git config --get commit.template [3ms]
2024-01-29 16:04:11.157 [info] > git for-each-ref --format=%(refname)%00%(upstream:short)%00%(objectname)%00%(upstream:track)%00%(upstream:remotename)%00%(upstream:remoteref) refs/heads/main refs/remotes/main [2ms]
2024-01-29 16:04:11.170 [info] > git status -z -uall [6ms]
2024-01-29 16:04:39.797 [info] > git config --get commit.template [3ms]
2024-01-29 16:04:39.797 [info] > git for-each-ref --format=%(refname)%00%(upstream:short)%00%(objectname)%00%(upstream:track)%00%(upstream:remotename)%00%(upstream:remoteref) refs/heads/main refs/remotes/main [1ms]
2024-01-29 16:04:39.807 [info] > git status -z -uall [7ms]
2024-01-29 16:08:21.777 [info] > git config --get commit.template [6ms]
2024-01-29 16:08:21.778 [info] > git for-each-ref --format=%(refname)%00%(upstream:short)%00%(objectname)%00%(upstream:track)%00%(upstream:remotename)%00%(upstream:remoteref) refs/heads/main refs/remotes/main [2ms]
2024-01-29 16:08:21.790 [info] > git status -z -uall [8ms]
