2024-01-29 16:55:17.178 [info] Log level: Info
2024-01-29 16:55:17.178 [info] Validating found git in: "git"
2024-01-29 16:55:17.178 [info] Using git "2.34.1" from "git"
2024-01-29 16:55:17.178 [info] > git rev-parse --show-toplevel [3ms]
2024-01-29 16:55:17.178 [info] > git rev-parse --git-dir --git-common-dir [3ms]
2024-01-29 16:55:17.178 [info] Open repository: /root/example2
2024-01-29 16:55:17.179 [info] > git rev-parse --show-toplevel [4ms]
2024-01-29 16:55:17.180 [info] > git config --get commit.template [7ms]
2024-01-29 16:55:17.198 [info] > git for-each-ref --format=%(refname)%00%(upstream:short)%00%(objectname)%00%(upstream:track)%00%(upstream:remotename)%00%(upstream:remoteref) refs/heads/main refs/remotes/main [3ms]
2024-01-29 16:55:17.199 [info] > git rev-parse --show-toplevel [11ms]
2024-01-29 16:55:17.215 [info] > git rev-parse --show-toplevel [6ms]
2024-01-29 16:55:17.251 [info] > git rev-parse --show-toplevel [10ms]
2024-01-29 16:55:17.269 [info] > git status -z -uall [19ms]
2024-01-29 16:55:17.288 [info] > git rev-parse --show-toplevel [20ms]
2024-01-29 16:55:17.301 [info] > git config --get commit.template [13ms]
2024-01-29 16:55:17.304 [info] > git rev-parse --show-toplevel [10ms]
2024-01-29 16:55:17.318 [info] > git for-each-ref --format=%(refname)%00%(upstream:short)%00%(objectname)%00%(upstream:track)%00%(upstream:remotename)%00%(upstream:remoteref) refs/heads/main refs/remotes/main [7ms]
2024-01-29 16:55:17.351 [info] > git rev-parse --show-toplevel [34ms]
2024-01-29 16:55:17.365 [info] > git rev-parse --show-toplevel [9ms]
2024-01-29 16:55:17.388 [info] > git status -z -uall [19ms]
2024-01-29 16:55:17.389 [info] > git rev-parse --show-toplevel [15ms]
2024-01-29 16:55:17.402 [info] > git rev-parse --show-toplevel [2ms]
2024-01-29 16:55:17.410 [info] > git rev-parse --show-toplevel [4ms]
2024-01-29 16:55:17.418 [info] > git rev-parse --show-toplevel [2ms]
2024-01-29 16:55:17.426 [info] > git rev-parse --show-toplevel [5ms]
2024-01-29 16:55:17.710 [info] > git check-ignore -v -z --stdin [3ms]
2024-01-29 16:55:17.726 [info] > git show --textconv :Dockerfile [6ms]
2024-01-29 16:55:17.727 [info] > git ls-files --stage -- /root/example2/Dockerfile [2ms]
2024-01-29 16:55:17.733 [info] > git cat-file -s 527a92cfb4cc723d44fdb234c1c89da748392497 [2ms]
2024-01-29 16:55:19.459 [info] > git check-ignore -v -z --stdin [3ms]
2024-01-29 16:55:20.334 [info] > git config --get commit.template [3ms]
2024-01-29 16:55:20.335 [info] > git for-each-ref --format=%(refname)%00%(upstream:short)%00%(objectname)%00%(upstream:track)%00%(upstream:remotename)%00%(upstream:remoteref) refs/heads/main refs/remotes/main [2ms]
2024-01-29 16:55:20.343 [info] > git status -z -uall [6ms]
2024-01-29 16:55:20.625 [info] > git check-ignore -v -z --stdin [2ms]
2024-01-29 16:55:23.185 [info] > git check-ignore -v -z --stdin [1ms]
2024-01-29 16:55:23.853 [info] > git show --textconv :entrypoints/docker-entrypoint.sh [4ms]
2024-01-29 16:55:23.854 [info] > git ls-files --stage -- /root/example2/entrypoints/docker-entrypoint.sh [1ms]
2024-01-29 16:55:24.785 [info] > git show --textconv :entrypoints/sidekiq-entrypoint.sh [3ms]
2024-01-29 16:55:24.786 [info] > git ls-files --stage -- /root/example2/entrypoints/sidekiq-entrypoint.sh [1ms]
2024-01-29 16:55:25.357 [info] > git config --get commit.template [4ms]
2024-01-29 16:55:25.358 [info] > git for-each-ref --format=%(refname)%00%(upstream:short)%00%(objectname)%00%(upstream:track)%00%(upstream:remotename)%00%(upstream:remoteref) refs/heads/main refs/remotes/main [2ms]
2024-01-29 16:55:25.366 [info] > git status -z -uall [5ms]
2024-01-29 16:55:25.685 [info] > git show --textconv :entrypoints/docker-entrypoint.sh [3ms]
2024-01-29 16:55:25.687 [info] > git ls-files --stage -- /root/example2/entrypoints/docker-entrypoint.sh [2ms]
2024-01-29 16:55:30.377 [info] > git config --get commit.template [3ms]
2024-01-29 16:55:30.378 [info] > git for-each-ref --format=%(refname)%00%(upstream:short)%00%(objectname)%00%(upstream:track)%00%(upstream:remotename)%00%(upstream:remoteref) refs/heads/main refs/remotes/main [2ms]
2024-01-29 16:55:30.386 [info] > git status -z -uall [5ms]
2024-01-29 16:55:39.693 [info] > git config --get commit.template [102ms]
2024-01-29 16:55:39.716 [info] > git for-each-ref --format=%(refname)%00%(upstream:short)%00%(objectname)%00%(upstream:track)%00%(upstream:remotename)%00%(upstream:remoteref) refs/heads/main refs/remotes/main [4ms]
2024-01-29 16:55:39.734 [info] > git status -z -uall [9ms]
2024-01-29 16:55:43.458 [info] > git show --textconv :entrypoints/docker-entrypoint.sh [3ms]
2024-01-29 16:55:43.459 [info] > git ls-files --stage -- /root/example2/entrypoints/docker-entrypoint.sh [1ms]
2024-01-29 16:55:44.750 [info] > git config --get commit.template [6ms]
2024-01-29 16:55:44.751 [info] > git for-each-ref --format=%(refname)%00%(upstream:short)%00%(objectname)%00%(upstream:track)%00%(upstream:remotename)%00%(upstream:remoteref) refs/heads/main refs/remotes/main [2ms]
2024-01-29 16:55:44.762 [info] > git status -z -uall [6ms]
2024-01-29 16:55:46.315 [info] > git merge-base refs/heads/main refs/remotes/origin/main [3ms]
2024-01-29 16:55:46.324 [info] > git rev-list --count --left-right refs/heads/main...refs/remotes/origin/main [4ms]
2024-01-29 16:55:46.810 [info] > git check-ignore -v -z --stdin [2ms]
2024-01-29 16:55:49.779 [info] > git config --get commit.template [5ms]
2024-01-29 16:55:49.779 [info] > git for-each-ref --format=%(refname)%00%(upstream:short)%00%(objectname)%00%(upstream:track)%00%(upstream:remotename)%00%(upstream:remoteref) refs/heads/main refs/remotes/main [1ms]
2024-01-29 16:55:49.789 [info] > git status -z -uall [6ms]
2024-01-29 16:55:49.846 [info] > git check-ignore -v -z --stdin [2ms]
2024-01-29 16:55:53.545 [info] > git check-ignore -v -z --stdin [2ms]
2024-01-29 16:55:54.803 [info] > git config --get commit.template [5ms]
2024-01-29 16:55:54.804 [info] > git for-each-ref --format=%(refname)%00%(upstream:short)%00%(objectname)%00%(upstream:track)%00%(upstream:remotename)%00%(upstream:remoteref) refs/heads/main refs/remotes/main [2ms]
2024-01-29 16:55:54.813 [info] > git status -z -uall [5ms]
2024-01-29 16:55:55.468 [info] > git check-ignore -v -z --stdin [2ms]
2024-01-29 16:55:59.838 [info] > git config --get commit.template [11ms]
2024-01-29 16:55:59.839 [info] > git for-each-ref --format=%(refname)%00%(upstream:short)%00%(objectname)%00%(upstream:track)%00%(upstream:remotename)%00%(upstream:remoteref) refs/heads/main refs/remotes/main [2ms]
2024-01-29 16:55:59.858 [info] > git status -z -uall [10ms]
2024-01-29 16:56:04.878 [info] > git config --get commit.template [7ms]
2024-01-29 16:56:04.879 [info] > git for-each-ref --format=%(refname)%00%(upstream:short)%00%(objectname)%00%(upstream:track)%00%(upstream:remotename)%00%(upstream:remoteref) refs/heads/main refs/remotes/main [3ms]
2024-01-29 16:56:04.889 [info] > git status -z -uall [5ms]
2024-01-29 16:56:09.902 [info] > git config --get commit.template [3ms]
2024-01-29 16:56:09.903 [info] > git for-each-ref --format=%(refname)%00%(upstream:short)%00%(objectname)%00%(upstream:track)%00%(upstream:remotename)%00%(upstream:remoteref) refs/heads/main refs/remotes/main [1ms]
2024-01-29 16:56:09.912 [info] > git status -z -uall [6ms]
2024-01-29 16:58:10.942 [info] > git config --get commit.template [6ms]
2024-01-29 16:58:10.946 [info] > git ls-files --stage -- /root/example2/entrypoints/docker-entrypoint.sh [5ms]
2024-01-29 16:58:10.947 [info] > git for-each-ref --format=%(refname)%00%(upstream:short)%00%(objectname)%00%(upstream:track)%00%(upstream:remotename)%00%(upstream:remoteref) refs/heads/main refs/remotes/main [2ms]
2024-01-29 16:58:10.957 [info] > git show --textconv :entrypoints/docker-entrypoint.sh [4ms]
2024-01-29 16:58:10.963 [info] > git status -z -uall [6ms]
2024-01-29 16:58:12.391 [info] > git show --textconv :Dockerfile [3ms]
2024-01-29 16:58:12.392 [info] > git ls-files --stage -- /root/example2/Dockerfile [1ms]
2024-01-29 16:58:12.398 [info] > git cat-file -s 527a92cfb4cc723d44fdb234c1c89da748392497 [2ms]
2024-01-29 16:58:15.976 [info] > git config --get commit.template [3ms]
2024-01-29 16:58:15.977 [info] > git for-each-ref --format=%(refname)%00%(upstream:short)%00%(objectname)%00%(upstream:track)%00%(upstream:remotename)%00%(upstream:remoteref) refs/heads/main refs/remotes/main [2ms]
2024-01-29 16:58:15.984 [info] > git status -z -uall [4ms]
2024-01-29 16:58:26.010 [info] > git config --get commit.template [7ms]
2024-01-29 16:58:26.011 [info] > git for-each-ref --format=%(refname)%00%(upstream:short)%00%(objectname)%00%(upstream:track)%00%(upstream:remotename)%00%(upstream:remoteref) refs/heads/main refs/remotes/main [2ms]
2024-01-29 16:58:26.025 [info] > git status -z -uall [7ms]
2024-01-29 16:58:31.037 [info] > git config --get commit.template [4ms]
2024-01-29 16:58:31.039 [info] > git for-each-ref --format=%(refname)%00%(upstream:short)%00%(objectname)%00%(upstream:track)%00%(upstream:remotename)%00%(upstream:remoteref) refs/heads/main refs/remotes/main [2ms]
2024-01-29 16:58:31.047 [info] > git status -z -uall [5ms]
2024-01-29 16:58:36.059 [info] > git config --get commit.template [4ms]
2024-01-29 16:58:36.060 [info] > git for-each-ref --format=%(refname)%00%(upstream:short)%00%(objectname)%00%(upstream:track)%00%(upstream:remotename)%00%(upstream:remoteref) refs/heads/main refs/remotes/main [1ms]
2024-01-29 16:58:36.069 [info] > git status -z -uall [6ms]
